2019-12-22 00:18:05 [main] INFO  c.s.keepnote.NoteServiceApplication -
				Starting NoteServiceApplication on DELL-PC with PID 17780 (started by DELL in D:\Final Integration\REST\KeepNote-Step6-Boilerplate\NoteService)
2019-12-22 00:18:05 [main] DEBUG c.s.keepnote.NoteServiceApplication -
				Running with Spring Boot v2.0.2.RELEASE, Spring v5.0.6.RELEASE
2019-12-22 00:18:05 [main] INFO  c.s.keepnote.NoteServiceApplication -
				No active profile set, falling back to default profiles: default
2019-12-22 00:18:09 [localhost-startStop-1] DEBUG c.s.keepnote.jwtfilter.JwtFilter -
				Initializing filter 'jwtFilter'
2019-12-22 00:18:09 [localhost-startStop-1] DEBUG c.s.keepnote.jwtfilter.JwtFilter -
				Filter 'jwtFilter' configured successfully
2019-12-22 00:18:17 [main] INFO  c.s.keepnote.NoteServiceApplication -
				Started NoteServiceApplication in 12.978 seconds (JVM running for 14.863)
2019-12-22 00:18:32 [http-nio-8082-exec-2] INFO  c.s.keepnote.aspectj.LoggingAspect -
				@Before:
2019-12-22 00:18:33 [http-nio-8082-exec-2] INFO  c.s.keepnote.aspectj.LoggingAspect -
				After
2019-12-22 00:18:33 [http-nio-8082-exec-2] INFO  c.s.keepnote.aspectj.LoggingAspect -
				Return<200 OK,[Note [noteId=23, noteTitle=daaa, noteContent=adada, noteStatus=not-started, noteCreationDate=Sat Dec 21 23:52:19 IST 2019, noteCreatedBy=admin, category=Category [id=5dfe4b80cbe0a51268ac12c4, categoryCreationDate=null, categoryCreatedBy=amolt123, categoryDescription=Done, categoryName=Final Test], reminders=[Reminder [reminderId=5dfe6277cbe0a537a4b20c5e, reminderName=xzX, reminderDescription=XXX, reminderType=XX, reminderCreatedBy=admin, reminderCreationDate=null]]], Note [noteId=24, noteTitle=xaxax, noteContent=XXX, noteStatus=started, noteCreationDate=Sat Dec 21 23:55:04 IST 2019, noteCreatedBy=admin, category=Category [id=5dfe4b80cbe0a51268ac12c4, categoryCreationDate=null, categoryCreatedBy=amolt123, categoryDescription=Done, categoryName=Final Test], reminders=[Reminder [reminderId=5dfe62e2cbe0a537a4b20c5f, reminderName=dada, reminderDescription=adad, reminderType=adad, reminderCreatedBy=admin, reminderCreationDate=null]]]],{}>
2019-12-22 00:18:33 [http-nio-8082-exec-2] INFO  c.s.keepnote.aspectj.LoggingAspect -
				AfterReturning
2019-12-22 00:18:46 [http-nio-8082-exec-4] INFO  c.s.keepnote.aspectj.LoggingAspect -
				@Before:
2019-12-22 00:18:46 [http-nio-8082-exec-4] INFO  c.s.keepnote.aspectj.LoggingAspect -
				After
2019-12-22 00:18:46 [http-nio-8082-exec-4] INFO  c.s.keepnote.aspectj.LoggingAspect -
				Return<200 OK,[Note [noteId=23, noteTitle=daaa, noteContent=adada, noteStatus=not-started, noteCreationDate=Sat Dec 21 23:52:19 IST 2019, noteCreatedBy=admin, category=Category [id=5dfe4b80cbe0a51268ac12c4, categoryCreationDate=null, categoryCreatedBy=amolt123, categoryDescription=Done, categoryName=Final Test], reminders=[Reminder [reminderId=5dfe6277cbe0a537a4b20c5e, reminderName=xzX, reminderDescription=XXX, reminderType=XX, reminderCreatedBy=admin, reminderCreationDate=null]]], Note [noteId=24, noteTitle=xaxax, noteContent=XXX, noteStatus=started, noteCreationDate=Sat Dec 21 23:55:04 IST 2019, noteCreatedBy=admin, category=Category [id=5dfe4b80cbe0a51268ac12c4, categoryCreationDate=null, categoryCreatedBy=amolt123, categoryDescription=Done, categoryName=Final Test], reminders=[Reminder [reminderId=5dfe62e2cbe0a537a4b20c5f, reminderName=dada, reminderDescription=adad, reminderType=adad, reminderCreatedBy=admin, reminderCreationDate=null]]]],{}>
2019-12-22 00:18:46 [http-nio-8082-exec-4] INFO  c.s.keepnote.aspectj.LoggingAspect -
				AfterReturning
2019-12-22 00:19:05 [http-nio-8082-exec-6] INFO  c.s.keepnote.aspectj.LoggingAspect -
				@Before:
2019-12-22 00:19:05 [http-nio-8082-exec-6] INFO  c.s.keepnote.aspectj.LoggingAspect -
				After
2019-12-22 00:19:05 [http-nio-8082-exec-6] INFO  c.s.keepnote.aspectj.LoggingAspect -
				Return<201 Created,{}>
2019-12-22 00:19:05 [http-nio-8082-exec-6] INFO  c.s.keepnote.aspectj.LoggingAspect -
				AfterReturning
2019-12-22 00:19:05 [http-nio-8082-exec-7] INFO  c.s.keepnote.aspectj.LoggingAspect -
				@Before:
2019-12-22 00:19:05 [http-nio-8082-exec-7] INFO  c.s.keepnote.aspectj.LoggingAspect -
				After
2019-12-22 00:19:05 [http-nio-8082-exec-7] INFO  c.s.keepnote.aspectj.LoggingAspect -
				Return<200 OK,[Note [noteId=23, noteTitle=daaa, noteContent=adada, noteStatus=not-started, noteCreationDate=Sat Dec 21 23:52:19 IST 2019, noteCreatedBy=admin, category=Category [id=5dfe4b80cbe0a51268ac12c4, categoryCreationDate=null, categoryCreatedBy=amolt123, categoryDescription=Done, categoryName=Final Test], reminders=[Reminder [reminderId=5dfe6277cbe0a537a4b20c5e, reminderName=xzX, reminderDescription=XXX, reminderType=XX, reminderCreatedBy=admin, reminderCreationDate=null]]], Note [noteId=24, noteTitle=xaxax, noteContent=XXX, noteStatus=started, noteCreationDate=Sat Dec 21 23:55:04 IST 2019, noteCreatedBy=admin, category=Category [id=5dfe4b80cbe0a51268ac12c4, categoryCreationDate=null, categoryCreatedBy=amolt123, categoryDescription=Done, categoryName=Final Test], reminders=[Reminder [reminderId=5dfe62e2cbe0a537a4b20c5f, reminderName=dada, reminderDescription=adad, reminderType=adad, reminderCreatedBy=admin, reminderCreationDate=null]]], Note [noteId=25, noteTitle=sAS, noteContent=sASas, noteStatus=completed, noteCreationDate=Sun Dec 22 00:19:05 IST 2019, noteCreatedBy=admin, category=Category [id=5dfe5f18cbe0a51268ac12c6, categoryCreationDate=null, categoryCreatedBy=admin, categoryDescription=asasas, categoryName=asasas], reminders=[Reminder [reminderId=5dfe6277cbe0a537a4b20c5e, reminderName=xzX, reminderDescription=XXX, reminderType=XX, reminderCreatedBy=admin, reminderCreationDate=null], Reminder [reminderId=5dfe62e2cbe0a537a4b20c5f, reminderName=dada, reminderDescription=adad, reminderType=adad, reminderCreatedBy=admin, reminderCreationDate=null]]]],{}>
2019-12-22 00:19:05 [http-nio-8082-exec-7] INFO  c.s.keepnote.aspectj.LoggingAspect -
				AfterReturning
2019-12-22 00:19:07 [http-nio-8082-exec-10] INFO  c.s.keepnote.aspectj.LoggingAspect -
				@Before:
2019-12-22 00:19:07 [http-nio-8082-exec-10] INFO  c.s.keepnote.aspectj.LoggingAspect -
				After
2019-12-22 00:19:07 [http-nio-8082-exec-10] INFO  c.s.keepnote.aspectj.LoggingAspect -
				Return<200 OK,Note [noteId=25, noteTitle=sAS, noteContent=sASas, noteStatus=completed, noteCreationDate=Sun Dec 22 00:19:05 IST 2019, noteCreatedBy=admin, category=Category [id=5dfe5f18cbe0a51268ac12c6, categoryCreationDate=null, categoryCreatedBy=admin, categoryDescription=asasas, categoryName=asasas], reminders=[Reminder [reminderId=5dfe6277cbe0a537a4b20c5e, reminderName=xzX, reminderDescription=XXX, reminderType=XX, reminderCreatedBy=admin, reminderCreationDate=null], Reminder [reminderId=5dfe62e2cbe0a537a4b20c5f, reminderName=dada, reminderDescription=adad, reminderType=adad, reminderCreatedBy=admin, reminderCreationDate=null]]],{}>
2019-12-22 00:19:07 [http-nio-8082-exec-10] INFO  c.s.keepnote.aspectj.LoggingAspect -
				AfterReturning
2019-12-22 00:19:18 [http-nio-8082-exec-3] INFO  c.s.keepnote.aspectj.LoggingAspect -
				@Before:
2019-12-22 00:19:19 [http-nio-8082-exec-3] INFO  c.s.keepnote.aspectj.LoggingAspect -
				After
2019-12-22 00:19:19 [http-nio-8082-exec-3] INFO  c.s.keepnote.aspectj.LoggingAspect -
				Return<200 OK,Note [noteId=25, noteTitle=ZZZZZZZZZZZZZZZZ, noteContent=sASasZZZZZZZZZZZZZZZZZz, noteStatus=completed, noteCreationDate=Sun Dec 22 00:19:05 IST 2019, noteCreatedBy=admin, category=Category [id=5dfe5f18cbe0a51268ac12c6, categoryCreationDate=null, categoryCreatedBy=admin, categoryDescription=asasas, categoryName=asasas], reminders=[Reminder [reminderId=5dfe62e2cbe0a537a4b20c5f, reminderName=dada, reminderDescription=adad, reminderType=adad, reminderCreatedBy=admin, reminderCreationDate=null]]],{}>
2019-12-22 00:19:19 [http-nio-8082-exec-3] INFO  c.s.keepnote.aspectj.LoggingAspect -
				AfterReturning
2019-12-22 00:19:19 [http-nio-8082-exec-4] INFO  c.s.keepnote.aspectj.LoggingAspect -
				@Before:
2019-12-22 00:19:19 [http-nio-8082-exec-4] INFO  c.s.keepnote.aspectj.LoggingAspect -
				After
2019-12-22 00:19:19 [http-nio-8082-exec-4] INFO  c.s.keepnote.aspectj.LoggingAspect -
				Return<200 OK,[Note [noteId=23, noteTitle=daaa, noteContent=adada, noteStatus=not-started, noteCreationDate=Sat Dec 21 23:52:19 IST 2019, noteCreatedBy=admin, category=Category [id=5dfe4b80cbe0a51268ac12c4, categoryCreationDate=null, categoryCreatedBy=amolt123, categoryDescription=Done, categoryName=Final Test], reminders=[Reminder [reminderId=5dfe6277cbe0a537a4b20c5e, reminderName=xzX, reminderDescription=XXX, reminderType=XX, reminderCreatedBy=admin, reminderCreationDate=null]]], Note [noteId=24, noteTitle=xaxax, noteContent=XXX, noteStatus=started, noteCreationDate=Sat Dec 21 23:55:04 IST 2019, noteCreatedBy=admin, category=Category [id=5dfe4b80cbe0a51268ac12c4, categoryCreationDate=null, categoryCreatedBy=amolt123, categoryDescription=Done, categoryName=Final Test], reminders=[Reminder [reminderId=5dfe62e2cbe0a537a4b20c5f, reminderName=dada, reminderDescription=adad, reminderType=adad, reminderCreatedBy=admin, reminderCreationDate=null]]], Note [noteId=25, noteTitle=ZZZZZZZZZZZZZZZZ, noteContent=sASasZZZZZZZZZZZZZZZZZz, noteStatus=completed, noteCreationDate=Sun Dec 22 00:19:05 IST 2019, noteCreatedBy=admin, category=Category [id=5dfe5f18cbe0a51268ac12c6, categoryCreationDate=null, categoryCreatedBy=admin, categoryDescription=asasas, categoryName=asasas], reminders=[Reminder [reminderId=5dfe62e2cbe0a537a4b20c5f, reminderName=dada, reminderDescription=adad, reminderType=adad, reminderCreatedBy=admin, reminderCreationDate=null]]]],{}>
2019-12-22 00:19:19 [http-nio-8082-exec-4] INFO  c.s.keepnote.aspectj.LoggingAspect -
				AfterReturning
2019-12-22 00:19:24 [http-nio-8082-exec-7] INFO  c.s.keepnote.aspectj.LoggingAspect -
				@Before:
2019-12-22 00:19:24 [http-nio-8082-exec-7] INFO  c.s.keepnote.aspectj.LoggingAspect -
				After
2019-12-22 00:19:24 [http-nio-8082-exec-7] INFO  c.s.keepnote.aspectj.LoggingAspect -
				Return<200 OK,Note [noteId=23, noteTitle=daaa, noteContent=adada, noteStatus=not-started, noteCreationDate=Sat Dec 21 23:52:19 IST 2019, noteCreatedBy=admin, category=Category [id=5dfe4b80cbe0a51268ac12c4, categoryCreationDate=null, categoryCreatedBy=amolt123, categoryDescription=Done, categoryName=Final Test], reminders=[Reminder [reminderId=5dfe6277cbe0a537a4b20c5e, reminderName=xzX, reminderDescription=XXX, reminderType=XX, reminderCreatedBy=admin, reminderCreationDate=null]]],{}>
2019-12-22 00:19:24 [http-nio-8082-exec-7] INFO  c.s.keepnote.aspectj.LoggingAspect -
				AfterReturning
2019-12-22 00:19:48 [http-nio-8082-exec-9] INFO  c.s.keepnote.aspectj.LoggingAspect -
				@Before:
2019-12-22 00:19:48 [http-nio-8082-exec-9] INFO  c.s.keepnote.aspectj.LoggingAspect -
				After
2019-12-22 00:19:48 [http-nio-8082-exec-9] INFO  c.s.keepnote.aspectj.LoggingAspect -
				Return<200 OK,[Note [noteId=23, noteTitle=daaa, noteContent=adada, noteStatus=not-started, noteCreationDate=Sat Dec 21 23:52:19 IST 2019, noteCreatedBy=admin, category=Category [id=5dfe4b80cbe0a51268ac12c4, categoryCreationDate=null, categoryCreatedBy=amolt123, categoryDescription=Done, categoryName=Final Test], reminders=[Reminder [reminderId=5dfe6277cbe0a537a4b20c5e, reminderName=xzX, reminderDescription=XXX, reminderType=XX, reminderCreatedBy=admin, reminderCreationDate=null]]], Note [noteId=24, noteTitle=xaxax, noteContent=XXX, noteStatus=started, noteCreationDate=Sat Dec 21 23:55:04 IST 2019, noteCreatedBy=admin, category=Category [id=5dfe4b80cbe0a51268ac12c4, categoryCreationDate=null, categoryCreatedBy=amolt123, categoryDescription=Done, categoryName=Final Test], reminders=[Reminder [reminderId=5dfe62e2cbe0a537a4b20c5f, reminderName=dada, reminderDescription=adad, reminderType=adad, reminderCreatedBy=admin, reminderCreationDate=null]]], Note [noteId=25, noteTitle=ZZZZZZZZZZZZZZZZ, noteContent=sASasZZZZZZZZZZZZZZZZZz, noteStatus=completed, noteCreationDate=Sun Dec 22 00:19:05 IST 2019, noteCreatedBy=admin, category=Category [id=5dfe5f18cbe0a51268ac12c6, categoryCreationDate=null, categoryCreatedBy=admin, categoryDescription=asasas, categoryName=asasas], reminders=[Reminder [reminderId=5dfe62e2cbe0a537a4b20c5f, reminderName=dada, reminderDescription=adad, reminderType=adad, reminderCreatedBy=admin, reminderCreationDate=null]]]],{}>
2019-12-22 00:19:48 [http-nio-8082-exec-9] INFO  c.s.keepnote.aspectj.LoggingAspect -
				AfterReturning
