2019-12-22 09:41:24 [main] INFO  c.s.k.t.r.NoteRepositoryTest -
				Starting NoteRepositoryTest on ip-172-31-42-174 with PID 4970 (started by ubuntu in /home/ubuntu/FSD/final-integration/KeepNote-Step6-Boilerplate/NoteService)
2019-12-22 09:41:24 [main] DEBUG c.s.k.t.r.NoteRepositoryTest -
				Running with Spring Boot v2.0.2.RELEASE, Spring v5.0.6.RELEASE
2019-12-22 09:41:24 [main] INFO  c.s.k.t.r.NoteRepositoryTest -
				No active profile set, falling back to default profiles: default
2019-12-22 09:41:26 [main] INFO  c.s.k.t.r.NoteRepositoryTest -
				Started NoteRepositoryTest in 2.913 seconds (JVM running for 3.96)
2019-12-22 09:41:27 [main] INFO  c.s.keepnote.test.log.LoggerTest -
				Starting LoggerTest on ip-172-31-42-174 with PID 4970 (started by ubuntu in /home/ubuntu/FSD/final-integration/KeepNote-Step6-Boilerplate/NoteService)
2019-12-22 09:41:27 [main] DEBUG c.s.keepnote.test.log.LoggerTest -
				Running with Spring Boot v2.0.2.RELEASE, Spring v5.0.6.RELEASE
2019-12-22 09:41:27 [main] INFO  c.s.keepnote.test.log.LoggerTest -
				No active profile set, falling back to default profiles: default
2019-12-22 09:41:31 [main] INFO  c.s.keepnote.test.log.LoggerTest -
				Started LoggerTest in 3.464 seconds (JVM running for 8.215)
2019-12-22 09:41:31 [main] INFO  c.s.k.t.c.NoteControllerTest -
				Starting NoteControllerTest on ip-172-31-42-174 with PID 4970 (started by ubuntu in /home/ubuntu/FSD/final-integration/KeepNote-Step6-Boilerplate/NoteService)
2019-12-22 09:41:31 [main] DEBUG c.s.k.t.c.NoteControllerTest -
				Running with Spring Boot v2.0.2.RELEASE, Spring v5.0.6.RELEASE
2019-12-22 09:41:31 [main] INFO  c.s.k.t.c.NoteControllerTest -
				No active profile set, falling back to default profiles: default
2019-12-22 09:41:31 [main] INFO  c.s.k.t.c.NoteControllerTest -
				Starting NoteControllerTest on ip-172-31-42-174 with PID 4970 (started by ubuntu in /home/ubuntu/FSD/final-integration/KeepNote-Step6-Boilerplate/NoteService)
2019-12-22 09:41:31 [main] DEBUG c.s.k.t.c.NoteControllerTest -
				Running with Spring Boot v2.0.2.RELEASE, Spring v5.0.6.RELEASE
2019-12-22 09:41:31 [main] INFO  c.s.k.t.c.NoteControllerTest -
				No active profile set, falling back to default profiles: default
2019-12-22 09:41:31 [main] INFO  c.s.k.t.c.NoteControllerTest -
				Starting NoteControllerTest on ip-172-31-42-174 with PID 4970 (started by ubuntu in /home/ubuntu/FSD/final-integration/KeepNote-Step6-Boilerplate/NoteService)
2019-12-22 09:41:31 [main] DEBUG c.s.k.t.c.NoteControllerTest -
				Running with Spring Boot v2.0.2.RELEASE, Spring v5.0.6.RELEASE
2019-12-22 09:41:31 [main] INFO  c.s.k.t.c.NoteControllerTest -
				No active profile set, falling back to default profiles: default
2019-12-22 09:41:31 [main] INFO  c.s.k.t.c.NoteControllerTest -
				Starting NoteControllerTest on ip-172-31-42-174 with PID 4970 (started by ubuntu in /home/ubuntu/FSD/final-integration/KeepNote-Step6-Boilerplate/NoteService)
2019-12-22 09:41:31 [main] DEBUG c.s.k.t.c.NoteControllerTest -
				Running with Spring Boot v2.0.2.RELEASE, Spring v5.0.6.RELEASE
2019-12-22 09:41:31 [main] INFO  c.s.k.t.c.NoteControllerTest -
				No active profile set, falling back to default profiles: default
2019-12-22 09:41:31 [main] INFO  c.s.k.t.c.NoteControllerTest -
				Starting NoteControllerTest on ip-172-31-42-174 with PID 4970 (started by ubuntu in /home/ubuntu/FSD/final-integration/KeepNote-Step6-Boilerplate/NoteService)
2019-12-22 09:41:31 [main] DEBUG c.s.k.t.c.NoteControllerTest -
				Running with Spring Boot v2.0.2.RELEASE, Spring v5.0.6.RELEASE
2019-12-22 09:41:31 [main] INFO  c.s.k.t.c.NoteControllerTest -
				No active profile set, falling back to default profiles: default
2019-12-22 09:41:32 [main] INFO  c.s.k.t.c.NoteControllerTest -
				Starting NoteControllerTest on ip-172-31-42-174 with PID 4970 (started by ubuntu in /home/ubuntu/FSD/final-integration/KeepNote-Step6-Boilerplate/NoteService)
2019-12-22 09:41:32 [main] DEBUG c.s.k.t.c.NoteControllerTest -
				Running with Spring Boot v2.0.2.RELEASE, Spring v5.0.6.RELEASE
2019-12-22 09:41:32 [main] INFO  c.s.k.t.c.NoteControllerTest -
				No active profile set, falling back to default profiles: default
2019-12-22 09:41:32 [main] INFO  c.s.k.t.c.NoteControllerTest -
				Starting NoteControllerTest on ip-172-31-42-174 with PID 4970 (started by ubuntu in /home/ubuntu/FSD/final-integration/KeepNote-Step6-Boilerplate/NoteService)
2019-12-22 09:41:32 [main] DEBUG c.s.k.t.c.NoteControllerTest -
				Running with Spring Boot v2.0.2.RELEASE, Spring v5.0.6.RELEASE
2019-12-22 09:41:32 [main] INFO  c.s.k.t.c.NoteControllerTest -
				No active profile set, falling back to default profiles: default
2019-12-22 09:41:32 [main] INFO  c.s.k.t.c.NoteControllerTest -
				Starting NoteControllerTest on ip-172-31-42-174 with PID 4970 (started by ubuntu in /home/ubuntu/FSD/final-integration/KeepNote-Step6-Boilerplate/NoteService)
2019-12-22 09:41:32 [main] DEBUG c.s.k.t.c.NoteControllerTest -
				Running with Spring Boot v2.0.2.RELEASE, Spring v5.0.6.RELEASE
2019-12-22 09:41:32 [main] INFO  c.s.k.t.c.NoteControllerTest -
				No active profile set, falling back to default profiles: default
2019-12-22 09:41:32 [main] INFO  c.s.k.t.c.NoteControllerTest -
				Starting NoteControllerTest on ip-172-31-42-174 with PID 4970 (started by ubuntu in /home/ubuntu/FSD/final-integration/KeepNote-Step6-Boilerplate/NoteService)
2019-12-22 09:41:32 [main] DEBUG c.s.k.t.c.NoteControllerTest -
				Running with Spring Boot v2.0.2.RELEASE, Spring v5.0.6.RELEASE
2019-12-22 09:41:32 [main] INFO  c.s.k.t.c.NoteControllerTest -
				No active profile set, falling back to default profiles: default
2019-12-22 09:41:32 [main] INFO  c.s.k.t.c.NoteControllerTest -
				Starting NoteControllerTest on ip-172-31-42-174 with PID 4970 (started by ubuntu in /home/ubuntu/FSD/final-integration/KeepNote-Step6-Boilerplate/NoteService)
2019-12-22 09:41:32 [main] DEBUG c.s.k.t.c.NoteControllerTest -
				Running with Spring Boot v2.0.2.RELEASE, Spring v5.0.6.RELEASE
2019-12-22 09:41:32 [main] INFO  c.s.k.t.c.NoteControllerTest -
				No active profile set, falling back to default profiles: default
2019-12-22 09:41:33 [main] INFO  c.s.k.t.c.NoteControllerTest -
				Starting NoteControllerTest on ip-172-31-42-174 with PID 4970 (started by ubuntu in /home/ubuntu/FSD/final-integration/KeepNote-Step6-Boilerplate/NoteService)
2019-12-22 09:41:33 [main] DEBUG c.s.k.t.c.NoteControllerTest -
				Running with Spring Boot v2.0.2.RELEASE, Spring v5.0.6.RELEASE
2019-12-22 09:41:33 [main] INFO  c.s.k.t.c.NoteControllerTest -
				No active profile set, falling back to default profiles: default
2019-12-22 09:41:33 [main] INFO  c.s.k.t.c.NoteControllerTest -
				Starting NoteControllerTest on ip-172-31-42-174 with PID 4970 (started by ubuntu in /home/ubuntu/FSD/final-integration/KeepNote-Step6-Boilerplate/NoteService)
2019-12-22 09:41:33 [main] DEBUG c.s.k.t.c.NoteControllerTest -
				Running with Spring Boot v2.0.2.RELEASE, Spring v5.0.6.RELEASE
2019-12-22 09:41:33 [main] INFO  c.s.k.t.c.NoteControllerTest -
				No active profile set, falling back to default profiles: default
