2019-12-19 21:24:21 [main] INFO  c.s.keepnote.NoteServiceApplication -
				Starting NoteServiceApplication on DELL-PC with PID 3308 (started by DELL in D:\Final Integration\REST\KeepNote-Step6-Boilerplate\NoteService)
2019-12-19 21:24:21 [main] DEBUG c.s.keepnote.NoteServiceApplication -
				Running with Spring Boot v2.0.2.RELEASE, Spring v5.0.6.RELEASE
2019-12-19 21:24:21 [main] INFO  c.s.keepnote.NoteServiceApplication -
				No active profile set, falling back to default profiles: default
2019-12-19 21:24:23 [localhost-startStop-1] DEBUG c.s.keepnote.jwtfilter.JwtFilter -
				Initializing filter 'jwtFilter'
2019-12-19 21:24:23 [localhost-startStop-1] DEBUG c.s.keepnote.jwtfilter.JwtFilter -
				Filter 'jwtFilter' configured successfully
2019-12-19 21:24:28 [main] INFO  c.s.keepnote.NoteServiceApplication -
				Started NoteServiceApplication in 6.986 seconds (JVM running for 8.582)
2019-12-19 21:25:04 [http-nio-8082-exec-1] INFO  c.s.keepnote.aspectj.LoggingAspect -
				@Before:
2019-12-19 21:25:04 [http-nio-8082-exec-1] INFO  c.s.keepnote.aspectj.LoggingAspect -
				After
2019-12-19 21:25:04 [http-nio-8082-exec-1] INFO  c.s.keepnote.aspectj.LoggingAspect -
				AfterReturning
2019-12-19 21:25:04 [http-nio-8082-exec-1] INFO  c.s.keepnote.aspectj.LoggingAspect -
				Exception caught:No value present
2019-12-19 21:25:04 [http-nio-8082-exec-2] INFO  c.s.keepnote.aspectj.LoggingAspect -
				@Before:
2019-12-19 21:25:04 [http-nio-8082-exec-2] INFO  c.s.keepnote.aspectj.LoggingAspect -
				After
2019-12-19 21:25:04 [http-nio-8082-exec-2] INFO  c.s.keepnote.aspectj.LoggingAspect -
				AfterReturning
2019-12-19 21:25:04 [http-nio-8082-exec-2] INFO  c.s.keepnote.aspectj.LoggingAspect -
				Exception caught:No value present
2019-12-19 21:30:24 [http-nio-8082-exec-4] INFO  c.s.keepnote.aspectj.LoggingAspect -
				@Before:
2019-12-19 21:30:24 [http-nio-8082-exec-4] INFO  c.s.keepnote.aspectj.LoggingAspect -
				After
2019-12-19 21:30:24 [http-nio-8082-exec-4] INFO  c.s.keepnote.aspectj.LoggingAspect -
				AfterReturning
2019-12-19 21:30:24 [http-nio-8082-exec-4] INFO  c.s.keepnote.aspectj.LoggingAspect -
				Exception caught:No value present
2019-12-19 21:30:24 [http-nio-8082-exec-5] INFO  c.s.keepnote.aspectj.LoggingAspect -
				@Before:
2019-12-19 21:30:24 [http-nio-8082-exec-5] INFO  c.s.keepnote.aspectj.LoggingAspect -
				After
2019-12-19 21:30:24 [http-nio-8082-exec-5] INFO  c.s.keepnote.aspectj.LoggingAspect -
				AfterReturning
2019-12-19 21:30:24 [http-nio-8082-exec-5] INFO  c.s.keepnote.aspectj.LoggingAspect -
				Exception caught:No value present
2019-12-19 21:32:35 [http-nio-8082-exec-6] INFO  c.s.keepnote.aspectj.LoggingAspect -
				@Before:
2019-12-19 21:32:35 [http-nio-8082-exec-6] INFO  c.s.keepnote.aspectj.LoggingAspect -
				After
2019-12-19 21:32:35 [http-nio-8082-exec-6] INFO  c.s.keepnote.aspectj.LoggingAspect -
				AfterReturning
2019-12-19 21:32:35 [http-nio-8082-exec-6] INFO  c.s.keepnote.aspectj.LoggingAspect -
				Exception caught:No value present
2019-12-19 21:32:35 [http-nio-8082-exec-7] INFO  c.s.keepnote.aspectj.LoggingAspect -
				@Before:
2019-12-19 21:32:35 [http-nio-8082-exec-7] INFO  c.s.keepnote.aspectj.LoggingAspect -
				After
2019-12-19 21:32:35 [http-nio-8082-exec-7] INFO  c.s.keepnote.aspectj.LoggingAspect -
				AfterReturning
2019-12-19 21:32:35 [http-nio-8082-exec-7] INFO  c.s.keepnote.aspectj.LoggingAspect -
				Exception caught:No value present
2019-12-19 21:33:07 [http-nio-8082-exec-8] INFO  c.s.keepnote.aspectj.LoggingAspect -
				@Before:
2019-12-19 21:33:07 [http-nio-8082-exec-8] INFO  c.s.keepnote.aspectj.LoggingAspect -
				After
2019-12-19 21:33:07 [http-nio-8082-exec-8] INFO  c.s.keepnote.aspectj.LoggingAspect -
				AfterReturning
2019-12-19 21:33:07 [http-nio-8082-exec-8] INFO  c.s.keepnote.aspectj.LoggingAspect -
				Exception caught:No value present
2019-12-19 21:35:38 [http-nio-8082-exec-9] INFO  c.s.keepnote.aspectj.LoggingAspect -
				@Before:
2019-12-19 21:35:38 [http-nio-8082-exec-9] INFO  c.s.keepnote.aspectj.LoggingAspect -
				After
2019-12-19 21:35:38 [http-nio-8082-exec-9] INFO  c.s.keepnote.aspectj.LoggingAspect -
				AfterReturning
2019-12-19 21:35:38 [http-nio-8082-exec-9] INFO  c.s.keepnote.aspectj.LoggingAspect -
				Exception caught:No value present
2019-12-19 21:35:38 [http-nio-8082-exec-10] INFO  c.s.keepnote.aspectj.LoggingAspect -
				@Before:
2019-12-19 21:35:38 [http-nio-8082-exec-10] INFO  c.s.keepnote.aspectj.LoggingAspect -
				After
2019-12-19 21:35:38 [http-nio-8082-exec-10] INFO  c.s.keepnote.aspectj.LoggingAspect -
				AfterReturning
2019-12-19 21:35:38 [http-nio-8082-exec-10] INFO  c.s.keepnote.aspectj.LoggingAspect -
				Exception caught:No value present
2019-12-19 21:42:50 [http-nio-8082-exec-3] INFO  c.s.keepnote.aspectj.LoggingAspect -
				@Before:
2019-12-19 21:42:50 [http-nio-8082-exec-3] INFO  c.s.keepnote.aspectj.LoggingAspect -
				After
2019-12-19 21:42:50 [http-nio-8082-exec-3] INFO  c.s.keepnote.aspectj.LoggingAspect -
				AfterReturning
2019-12-19 21:42:50 [http-nio-8082-exec-3] INFO  c.s.keepnote.aspectj.LoggingAspect -
				Exception caught:No value present
2019-12-19 21:42:50 [http-nio-8082-exec-4] INFO  c.s.keepnote.aspectj.LoggingAspect -
				@Before:
2019-12-19 21:42:50 [http-nio-8082-exec-4] INFO  c.s.keepnote.aspectj.LoggingAspect -
				After
2019-12-19 21:42:50 [http-nio-8082-exec-4] INFO  c.s.keepnote.aspectj.LoggingAspect -
				AfterReturning
2019-12-19 21:42:50 [http-nio-8082-exec-4] INFO  c.s.keepnote.aspectj.LoggingAspect -
				Exception caught:No value present
2019-12-19 22:37:14 [http-nio-8082-exec-7] INFO  c.s.keepnote.aspectj.LoggingAspect -
				@Before:
2019-12-19 22:37:14 [http-nio-8082-exec-7] INFO  c.s.keepnote.aspectj.LoggingAspect -
				After
2019-12-19 22:37:14 [http-nio-8082-exec-7] INFO  c.s.keepnote.aspectj.LoggingAspect -
				AfterReturning
2019-12-19 22:37:14 [http-nio-8082-exec-7] INFO  c.s.keepnote.aspectj.LoggingAspect -
				Exception caught:No value present
2019-12-19 22:37:14 [http-nio-8082-exec-8] INFO  c.s.keepnote.aspectj.LoggingAspect -
				@Before:
2019-12-19 22:37:14 [http-nio-8082-exec-8] INFO  c.s.keepnote.aspectj.LoggingAspect -
				After
2019-12-19 22:37:14 [http-nio-8082-exec-8] INFO  c.s.keepnote.aspectj.LoggingAspect -
				AfterReturning
2019-12-19 22:37:14 [http-nio-8082-exec-8] INFO  c.s.keepnote.aspectj.LoggingAspect -
				Exception caught:No value present
2019-12-19 22:40:25 [http-nio-8082-exec-9] INFO  c.s.keepnote.aspectj.LoggingAspect -
				@Before:
2019-12-19 22:40:25 [http-nio-8082-exec-9] INFO  c.s.keepnote.aspectj.LoggingAspect -
				After
2019-12-19 22:40:25 [http-nio-8082-exec-9] INFO  c.s.keepnote.aspectj.LoggingAspect -
				AfterReturning
2019-12-19 22:40:25 [http-nio-8082-exec-9] INFO  c.s.keepnote.aspectj.LoggingAspect -
				Exception caught:No value present
2019-12-19 22:40:25 [http-nio-8082-exec-10] INFO  c.s.keepnote.aspectj.LoggingAspect -
				@Before:
2019-12-19 22:40:25 [http-nio-8082-exec-10] INFO  c.s.keepnote.aspectj.LoggingAspect -
				After
2019-12-19 22:40:25 [http-nio-8082-exec-10] INFO  c.s.keepnote.aspectj.LoggingAspect -
				AfterReturning
2019-12-19 22:40:25 [http-nio-8082-exec-10] INFO  c.s.keepnote.aspectj.LoggingAspect -
				Exception caught:No value present
2019-12-19 22:40:50 [http-nio-8082-exec-2] INFO  c.s.keepnote.aspectj.LoggingAspect -
				@Before:
2019-12-19 22:40:50 [http-nio-8082-exec-2] INFO  c.s.keepnote.aspectj.LoggingAspect -
				After
2019-12-19 22:40:50 [http-nio-8082-exec-2] INFO  c.s.keepnote.aspectj.LoggingAspect -
				AfterReturning
2019-12-19 22:40:50 [http-nio-8082-exec-2] INFO  c.s.keepnote.aspectj.LoggingAspect -
				Exception caught:No value present
2019-12-19 22:48:17 [http-nio-8082-exec-1] INFO  c.s.keepnote.aspectj.LoggingAspect -
				@Before:
2019-12-19 22:48:17 [http-nio-8082-exec-1] INFO  c.s.keepnote.aspectj.LoggingAspect -
				After
2019-12-19 22:48:17 [http-nio-8082-exec-1] INFO  c.s.keepnote.aspectj.LoggingAspect -
				AfterReturning
2019-12-19 22:48:17 [http-nio-8082-exec-1] INFO  c.s.keepnote.aspectj.LoggingAspect -
				Exception caught:No value present
2019-12-19 22:48:17 [http-nio-8082-exec-3] INFO  c.s.keepnote.aspectj.LoggingAspect -
				@Before:
2019-12-19 22:48:17 [http-nio-8082-exec-3] INFO  c.s.keepnote.aspectj.LoggingAspect -
				After
2019-12-19 22:48:17 [http-nio-8082-exec-3] INFO  c.s.keepnote.aspectj.LoggingAspect -
				AfterReturning
2019-12-19 22:48:17 [http-nio-8082-exec-3] INFO  c.s.keepnote.aspectj.LoggingAspect -
				Exception caught:No value present
2019-12-19 22:48:37 [http-nio-8082-exec-4] INFO  c.s.keepnote.aspectj.LoggingAspect -
				@Before:
2019-12-19 22:48:37 [http-nio-8082-exec-4] INFO  c.s.keepnote.aspectj.LoggingAspect -
				After
2019-12-19 22:48:37 [http-nio-8082-exec-4] INFO  c.s.keepnote.aspectj.LoggingAspect -
				AfterReturning
2019-12-19 22:48:37 [http-nio-8082-exec-4] INFO  c.s.keepnote.aspectj.LoggingAspect -
				Exception caught:No value present
2019-12-20 00:48:16 [http-nio-8082-exec-8] INFO  c.s.keepnote.aspectj.LoggingAspect -
				@Before:
2019-12-20 00:48:16 [http-nio-8082-exec-8] INFO  c.s.keepnote.aspectj.LoggingAspect -
				After
2019-12-20 00:48:16 [http-nio-8082-exec-8] INFO  c.s.keepnote.aspectj.LoggingAspect -
				AfterReturning
2019-12-20 00:48:16 [http-nio-8082-exec-8] INFO  c.s.keepnote.aspectj.LoggingAspect -
				Exception caught:No value present
2019-12-20 00:48:17 [http-nio-8082-exec-8] INFO  c.s.keepnote.aspectj.LoggingAspect -
				@Before:
2019-12-20 00:48:17 [http-nio-8082-exec-8] INFO  c.s.keepnote.aspectj.LoggingAspect -
				After
2019-12-20 00:48:17 [http-nio-8082-exec-8] INFO  c.s.keepnote.aspectj.LoggingAspect -
				AfterReturning
2019-12-20 00:48:17 [http-nio-8082-exec-8] INFO  c.s.keepnote.aspectj.LoggingAspect -
				Exception caught:No value present
2019-12-20 00:48:54 [http-nio-8082-exec-10] INFO  c.s.keepnote.aspectj.LoggingAspect -
				@Before:
2019-12-20 00:48:54 [http-nio-8082-exec-10] INFO  c.s.keepnote.aspectj.LoggingAspect -
				After
2019-12-20 00:48:54 [http-nio-8082-exec-10] INFO  c.s.keepnote.aspectj.LoggingAspect -
				AfterReturning
2019-12-20 00:48:54 [http-nio-8082-exec-10] INFO  c.s.keepnote.aspectj.LoggingAspect -
				Exception caught:No value present
2019-12-20 00:49:10 [http-nio-8082-exec-2] INFO  c.s.keepnote.aspectj.LoggingAspect -
				@Before:
2019-12-20 00:49:10 [http-nio-8082-exec-2] INFO  c.s.keepnote.aspectj.LoggingAspect -
				After
2019-12-20 00:49:10 [http-nio-8082-exec-2] INFO  c.s.keepnote.aspectj.LoggingAspect -
				AfterReturning
2019-12-20 00:49:10 [http-nio-8082-exec-2] INFO  c.s.keepnote.aspectj.LoggingAspect -
				Exception caught:No value present
2019-12-20 00:52:09 [http-nio-8082-exec-1] INFO  c.s.keepnote.aspectj.LoggingAspect -
				@Before:
2019-12-20 00:52:09 [http-nio-8082-exec-1] INFO  c.s.keepnote.aspectj.LoggingAspect -
				After
2019-12-20 00:52:09 [http-nio-8082-exec-1] INFO  c.s.keepnote.aspectj.LoggingAspect -
				AfterReturning
2019-12-20 00:52:09 [http-nio-8082-exec-1] INFO  c.s.keepnote.aspectj.LoggingAspect -
				Exception caught:No value present
2019-12-20 00:52:09 [http-nio-8082-exec-3] INFO  c.s.keepnote.aspectj.LoggingAspect -
				@Before:
2019-12-20 00:52:09 [http-nio-8082-exec-3] INFO  c.s.keepnote.aspectj.LoggingAspect -
				After
2019-12-20 00:52:09 [http-nio-8082-exec-3] INFO  c.s.keepnote.aspectj.LoggingAspect -
				AfterReturning
2019-12-20 00:52:09 [http-nio-8082-exec-3] INFO  c.s.keepnote.aspectj.LoggingAspect -
				Exception caught:No value present
2019-12-20 00:52:18 [http-nio-8082-exec-4] INFO  c.s.keepnote.aspectj.LoggingAspect -
				@Before:
2019-12-20 00:52:18 [http-nio-8082-exec-4] INFO  c.s.keepnote.aspectj.LoggingAspect -
				After
2019-12-20 00:52:18 [http-nio-8082-exec-4] INFO  c.s.keepnote.aspectj.LoggingAspect -
				AfterReturning
2019-12-20 00:52:18 [http-nio-8082-exec-4] INFO  c.s.keepnote.aspectj.LoggingAspect -
				Exception caught:No value present
2019-12-20 00:54:11 [http-nio-8082-exec-5] INFO  c.s.keepnote.aspectj.LoggingAspect -
				@Before:
2019-12-20 00:54:11 [http-nio-8082-exec-5] INFO  c.s.keepnote.aspectj.LoggingAspect -
				After
2019-12-20 00:54:11 [http-nio-8082-exec-5] INFO  c.s.keepnote.aspectj.LoggingAspect -
				AfterReturning
2019-12-20 00:54:11 [http-nio-8082-exec-5] INFO  c.s.keepnote.aspectj.LoggingAspect -
				Exception caught:No value present
2019-12-20 00:54:11 [http-nio-8082-exec-6] INFO  c.s.keepnote.aspectj.LoggingAspect -
				@Before:
2019-12-20 00:54:11 [http-nio-8082-exec-6] INFO  c.s.keepnote.aspectj.LoggingAspect -
				After
2019-12-20 00:54:11 [http-nio-8082-exec-6] INFO  c.s.keepnote.aspectj.LoggingAspect -
				AfterReturning
2019-12-20 00:54:11 [http-nio-8082-exec-6] INFO  c.s.keepnote.aspectj.LoggingAspect -
				Exception caught:No value present
2019-12-20 00:54:48 [http-nio-8082-exec-7] INFO  c.s.keepnote.aspectj.LoggingAspect -
				@Before:
2019-12-20 00:54:48 [http-nio-8082-exec-7] INFO  c.s.keepnote.aspectj.LoggingAspect -
				After
2019-12-20 00:54:48 [http-nio-8082-exec-7] INFO  c.s.keepnote.aspectj.LoggingAspect -
				AfterReturning
2019-12-20 00:54:48 [http-nio-8082-exec-7] INFO  c.s.keepnote.aspectj.LoggingAspect -
				Exception caught:No value present
2019-12-20 00:54:48 [http-nio-8082-exec-9] INFO  c.s.keepnote.aspectj.LoggingAspect -
				@Before:
2019-12-20 00:54:48 [http-nio-8082-exec-9] INFO  c.s.keepnote.aspectj.LoggingAspect -
				After
2019-12-20 00:54:48 [http-nio-8082-exec-9] INFO  c.s.keepnote.aspectj.LoggingAspect -
				AfterReturning
2019-12-20 00:54:48 [http-nio-8082-exec-9] INFO  c.s.keepnote.aspectj.LoggingAspect -
				Exception caught:No value present
2019-12-20 01:05:07 [http-nio-8082-exec-8] INFO  c.s.keepnote.aspectj.LoggingAspect -
				@Before:
2019-12-20 01:05:07 [http-nio-8082-exec-8] INFO  c.s.keepnote.aspectj.LoggingAspect -
				After
2019-12-20 01:05:07 [http-nio-8082-exec-8] INFO  c.s.keepnote.aspectj.LoggingAspect -
				AfterReturning
2019-12-20 01:05:07 [http-nio-8082-exec-8] INFO  c.s.keepnote.aspectj.LoggingAspect -
				Exception caught:No value present
2019-12-20 01:05:07 [http-nio-8082-exec-10] INFO  c.s.keepnote.aspectj.LoggingAspect -
				@Before:
2019-12-20 01:05:07 [http-nio-8082-exec-10] INFO  c.s.keepnote.aspectj.LoggingAspect -
				After
2019-12-20 01:05:07 [http-nio-8082-exec-10] INFO  c.s.keepnote.aspectj.LoggingAspect -
				AfterReturning
2019-12-20 01:05:07 [http-nio-8082-exec-10] INFO  c.s.keepnote.aspectj.LoggingAspect -
				Exception caught:No value present
2019-12-20 01:28:31 [http-nio-8082-exec-3] INFO  c.s.keepnote.aspectj.LoggingAspect -
				@Before:
2019-12-20 01:28:31 [http-nio-8082-exec-3] INFO  c.s.keepnote.aspectj.LoggingAspect -
				After
2019-12-20 01:28:31 [http-nio-8082-exec-3] INFO  c.s.keepnote.aspectj.LoggingAspect -
				AfterReturning
2019-12-20 01:28:31 [http-nio-8082-exec-3] INFO  c.s.keepnote.aspectj.LoggingAspect -
				Exception caught:No value present
2019-12-20 01:28:31 [http-nio-8082-exec-4] INFO  c.s.keepnote.aspectj.LoggingAspect -
				@Before:
2019-12-20 01:28:31 [http-nio-8082-exec-4] INFO  c.s.keepnote.aspectj.LoggingAspect -
				After
2019-12-20 01:28:31 [http-nio-8082-exec-4] INFO  c.s.keepnote.aspectj.LoggingAspect -
				AfterReturning
2019-12-20 01:28:31 [http-nio-8082-exec-4] INFO  c.s.keepnote.aspectj.LoggingAspect -
				Exception caught:No value present
