2019-12-21 20:46:54 [main] INFO  c.s.k.CategoryServiceApplication -
				Starting CategoryServiceApplication on DELL-PC with PID 21688 (started by DELL in D:\Final Integration\REST\KeepNote-Step6-Boilerplate\CategoryService)
2019-12-21 20:46:54 [main] DEBUG c.s.k.CategoryServiceApplication -
				Running with Spring Boot v2.0.2.RELEASE, Spring v5.0.6.RELEASE
2019-12-21 20:46:54 [main] INFO  c.s.k.CategoryServiceApplication -
				No active profile set, falling back to default profiles: default
2019-12-21 20:47:01 [localhost-startStop-1] DEBUG c.s.keepnote.jwtfilter.JwtFilter -
				Initializing filter 'jwtFilter'
2019-12-21 20:47:01 [localhost-startStop-1] DEBUG c.s.keepnote.jwtfilter.JwtFilter -
				Filter 'jwtFilter' configured successfully
2019-12-21 20:47:10 [main] INFO  c.s.k.CategoryServiceApplication -
				Started CategoryServiceApplication in 16.913 seconds (JVM running for 21.693)
2019-12-21 20:47:29 [http-nio-8083-exec-1] INFO  c.s.keepnote.aspectj.LoggingAspect -
				@Before:
2019-12-21 20:47:30 [http-nio-8083-exec-1] INFO  c.s.keepnote.aspectj.LoggingAspect -
				After
2019-12-21 20:47:30 [http-nio-8083-exec-1] INFO  c.s.keepnote.aspectj.LoggingAspect -
				Return<200 OK,[Category [categoryId=5dfc6159cbe0a53eb479ed4f, categoryCreationDate=null, categoryCreatedBy=amolt123, categoryDescription=zzzzzzzzzz, categoryName=zzzzzzzz], Category [categoryId=5dfc6338cbe0a53eb479ed51, categoryCreationDate=null, categoryCreatedBy=amolt123, categoryDescription=Tarude, categoryName=Amol], Category [categoryId=5dfc67bccbe0a53eb479ed53, categoryCreationDate=null, categoryCreatedBy=amolt123, categoryDescription=added, categoryName=zxxzx], Category [categoryId=5dfc7e86cbe0a53eb479ed60, categoryCreationDate=null, categoryCreatedBy=amolt123, categoryDescription=sdsd, categoryName=dsd], Category [categoryId=5dfc7eebcbe0a53eb479ed61, categoryCreationDate=null, categoryCreatedBy=amolt123, categoryDescription=XZ, categoryName=XZXZ]],{}>
2019-12-21 20:47:30 [http-nio-8083-exec-1] INFO  c.s.keepnote.aspectj.LoggingAspect -
				AfterReturning
2019-12-21 20:47:35 [http-nio-8083-exec-3] INFO  c.s.keepnote.aspectj.LoggingAspect -
				@Before:
2019-12-21 20:47:35 [http-nio-8083-exec-3] INFO  c.s.keepnote.aspectj.LoggingAspect -
				After
2019-12-21 20:47:35 [http-nio-8083-exec-3] INFO  c.s.keepnote.aspectj.LoggingAspect -
				AfterReturning
2019-12-21 20:47:35 [http-nio-8083-exec-3] INFO  c.s.keepnote.aspectj.LoggingAspect -
				Exception caught:E11000 duplicate key error collection: keepnote.category index: _id_ dup key: { _id: "" }; nested exception is com.mongodb.MongoWriteException: E11000 duplicate key error collection: keepnote.category index: _id_ dup key: { _id: "" }
2019-12-21 20:47:56 [http-nio-8083-exec-4] INFO  c.s.keepnote.aspectj.LoggingAspect -
				@Before:
2019-12-21 20:47:56 [http-nio-8083-exec-4] INFO  c.s.keepnote.aspectj.LoggingAspect -
				After
2019-12-21 20:47:56 [http-nio-8083-exec-4] INFO  c.s.keepnote.aspectj.LoggingAspect -
				AfterReturning
2019-12-21 20:47:56 [http-nio-8083-exec-4] INFO  c.s.keepnote.aspectj.LoggingAspect -
				Exception caught:E11000 duplicate key error collection: keepnote.category index: _id_ dup key: { _id: "" }; nested exception is com.mongodb.MongoWriteException: E11000 duplicate key error collection: keepnote.category index: _id_ dup key: { _id: "" }
2019-12-21 20:49:28 [http-nio-8083-exec-5] INFO  c.s.keepnote.aspectj.LoggingAspect -
				@Before:
2019-12-21 20:49:28 [http-nio-8083-exec-5] INFO  c.s.keepnote.aspectj.LoggingAspect -
				After
2019-12-21 20:49:28 [http-nio-8083-exec-5] INFO  c.s.keepnote.aspectj.LoggingAspect -
				Return<200 OK,[Category [categoryId=5dfc6159cbe0a53eb479ed4f, categoryCreationDate=null, categoryCreatedBy=amolt123, categoryDescription=zzzzzzzzzz, categoryName=zzzzzzzz], Category [categoryId=5dfc6338cbe0a53eb479ed51, categoryCreationDate=null, categoryCreatedBy=amolt123, categoryDescription=Tarude, categoryName=Amol], Category [categoryId=5dfc67bccbe0a53eb479ed53, categoryCreationDate=null, categoryCreatedBy=amolt123, categoryDescription=added, categoryName=zxxzx], Category [categoryId=5dfc7e86cbe0a53eb479ed60, categoryCreationDate=null, categoryCreatedBy=amolt123, categoryDescription=sdsd, categoryName=dsd], Category [categoryId=5dfc7eebcbe0a53eb479ed61, categoryCreationDate=null, categoryCreatedBy=amolt123, categoryDescription=XZ, categoryName=XZXZ]],{}>
2019-12-21 20:49:28 [http-nio-8083-exec-5] INFO  c.s.keepnote.aspectj.LoggingAspect -
				AfterReturning
2019-12-21 20:49:28 [http-nio-8083-exec-6] INFO  c.s.keepnote.aspectj.LoggingAspect -
				@Before:
2019-12-21 20:49:28 [http-nio-8083-exec-6] INFO  c.s.keepnote.aspectj.LoggingAspect -
				After
2019-12-21 20:49:28 [http-nio-8083-exec-6] INFO  c.s.keepnote.aspectj.LoggingAspect -
				Return<200 OK,[Category [categoryId=5dfc6159cbe0a53eb479ed4f, categoryCreationDate=null, categoryCreatedBy=amolt123, categoryDescription=zzzzzzzzzz, categoryName=zzzzzzzz], Category [categoryId=5dfc6338cbe0a53eb479ed51, categoryCreationDate=null, categoryCreatedBy=amolt123, categoryDescription=Tarude, categoryName=Amol], Category [categoryId=5dfc67bccbe0a53eb479ed53, categoryCreationDate=null, categoryCreatedBy=amolt123, categoryDescription=added, categoryName=zxxzx], Category [categoryId=5dfc7e86cbe0a53eb479ed60, categoryCreationDate=null, categoryCreatedBy=amolt123, categoryDescription=sdsd, categoryName=dsd], Category [categoryId=5dfc7eebcbe0a53eb479ed61, categoryCreationDate=null, categoryCreatedBy=amolt123, categoryDescription=XZ, categoryName=XZXZ]],{}>
2019-12-21 20:49:28 [http-nio-8083-exec-6] INFO  c.s.keepnote.aspectj.LoggingAspect -
				AfterReturning
2019-12-21 20:49:46 [http-nio-8083-exec-10] INFO  c.s.keepnote.aspectj.LoggingAspect -
				@Before:
2019-12-21 20:49:46 [http-nio-8083-exec-10] INFO  c.s.keepnote.aspectj.LoggingAspect -
				After
2019-12-21 20:49:46 [http-nio-8083-exec-10] INFO  c.s.keepnote.aspectj.LoggingAspect -
				Return<200 OK,[Category [categoryId=5dfc6159cbe0a53eb479ed4f, categoryCreationDate=null, categoryCreatedBy=amolt123, categoryDescription=zzzzzzzzzz, categoryName=zzzzzzzz], Category [categoryId=5dfc6338cbe0a53eb479ed51, categoryCreationDate=null, categoryCreatedBy=amolt123, categoryDescription=Tarude, categoryName=Amol], Category [categoryId=5dfc67bccbe0a53eb479ed53, categoryCreationDate=null, categoryCreatedBy=amolt123, categoryDescription=added, categoryName=zxxzx], Category [categoryId=5dfc7e86cbe0a53eb479ed60, categoryCreationDate=null, categoryCreatedBy=amolt123, categoryDescription=sdsd, categoryName=dsd], Category [categoryId=5dfc7eebcbe0a53eb479ed61, categoryCreationDate=null, categoryCreatedBy=amolt123, categoryDescription=XZ, categoryName=XZXZ]],{}>
2019-12-21 20:49:46 [http-nio-8083-exec-10] INFO  c.s.keepnote.aspectj.LoggingAspect -
				AfterReturning
2019-12-21 20:49:47 [http-nio-8083-exec-9] INFO  c.s.keepnote.aspectj.LoggingAspect -
				@Before:
2019-12-21 20:49:47 [http-nio-8083-exec-9] INFO  c.s.keepnote.aspectj.LoggingAspect -
				After
2019-12-21 20:49:47 [http-nio-8083-exec-9] INFO  c.s.keepnote.aspectj.LoggingAspect -
				Return<200 OK,[Category [categoryId=5dfc6159cbe0a53eb479ed4f, categoryCreationDate=null, categoryCreatedBy=amolt123, categoryDescription=zzzzzzzzzz, categoryName=zzzzzzzz], Category [categoryId=5dfc6338cbe0a53eb479ed51, categoryCreationDate=null, categoryCreatedBy=amolt123, categoryDescription=Tarude, categoryName=Amol], Category [categoryId=5dfc67bccbe0a53eb479ed53, categoryCreationDate=null, categoryCreatedBy=amolt123, categoryDescription=added, categoryName=zxxzx], Category [categoryId=5dfc7e86cbe0a53eb479ed60, categoryCreationDate=null, categoryCreatedBy=amolt123, categoryDescription=sdsd, categoryName=dsd], Category [categoryId=5dfc7eebcbe0a53eb479ed61, categoryCreationDate=null, categoryCreatedBy=amolt123, categoryDescription=XZ, categoryName=XZXZ]],{}>
2019-12-21 20:49:47 [http-nio-8083-exec-9] INFO  c.s.keepnote.aspectj.LoggingAspect -
				AfterReturning
2019-12-21 20:49:54 [http-nio-8083-exec-1] INFO  c.s.keepnote.aspectj.LoggingAspect -
				@Before:
2019-12-21 20:49:54 [http-nio-8083-exec-1] INFO  c.s.keepnote.aspectj.LoggingAspect -
				After
2019-12-21 20:49:54 [http-nio-8083-exec-1] INFO  c.s.keepnote.aspectj.LoggingAspect -
				Return<201 Created,Created,{}>
2019-12-21 20:49:54 [http-nio-8083-exec-1] INFO  c.s.keepnote.aspectj.LoggingAspect -
				AfterReturning
2019-12-21 20:49:54 [http-nio-8083-exec-2] INFO  c.s.keepnote.aspectj.LoggingAspect -
				@Before:
2019-12-21 20:49:54 [http-nio-8083-exec-2] INFO  c.s.keepnote.aspectj.LoggingAspect -
				After
2019-12-21 20:49:54 [http-nio-8083-exec-2] INFO  c.s.keepnote.aspectj.LoggingAspect -
				Return<200 OK,[Category [categoryId=5dfc6159cbe0a53eb479ed4f, categoryCreationDate=null, categoryCreatedBy=amolt123, categoryDescription=zzzzzzzzzz, categoryName=zzzzzzzz], Category [categoryId=5dfc6338cbe0a53eb479ed51, categoryCreationDate=null, categoryCreatedBy=amolt123, categoryDescription=Tarude, categoryName=Amol], Category [categoryId=5dfc67bccbe0a53eb479ed53, categoryCreationDate=null, categoryCreatedBy=amolt123, categoryDescription=added, categoryName=zxxzx], Category [categoryId=5dfc7e86cbe0a53eb479ed60, categoryCreationDate=null, categoryCreatedBy=amolt123, categoryDescription=sdsd, categoryName=dsd], Category [categoryId=5dfc7eebcbe0a53eb479ed61, categoryCreationDate=null, categoryCreatedBy=amolt123, categoryDescription=XZ, categoryName=XZXZ], Category [categoryId=5dfe381acbe0a554b85ad19d, categoryCreationDate=null, categoryCreatedBy=amolt123, categoryDescription=zxczxczxc, categoryName=zxczcxz]],{}>
2019-12-21 20:49:54 [http-nio-8083-exec-2] INFO  c.s.keepnote.aspectj.LoggingAspect -
				AfterReturning
2019-12-21 21:16:20 [http-nio-8083-exec-6] INFO  c.s.keepnote.aspectj.LoggingAspect -
				@Before:
2019-12-21 21:16:20 [http-nio-8083-exec-6] INFO  c.s.keepnote.aspectj.LoggingAspect -
				After
2019-12-21 21:16:20 [http-nio-8083-exec-6] INFO  c.s.keepnote.aspectj.LoggingAspect -
				Return<404 Not Found,{}>
2019-12-21 21:16:20 [http-nio-8083-exec-6] INFO  c.s.keepnote.aspectj.LoggingAspect -
				AfterReturning
2019-12-21 21:16:20 [http-nio-8083-exec-7] INFO  c.s.keepnote.aspectj.LoggingAspect -
				@Before:
2019-12-21 21:16:20 [http-nio-8083-exec-7] INFO  c.s.keepnote.aspectj.LoggingAspect -
				After
2019-12-21 21:16:20 [http-nio-8083-exec-7] INFO  c.s.keepnote.aspectj.LoggingAspect -
				Return<404 Not Found,{}>
2019-12-21 21:16:20 [http-nio-8083-exec-7] INFO  c.s.keepnote.aspectj.LoggingAspect -
				AfterReturning
2019-12-21 21:16:24 [http-nio-8083-exec-9] INFO  c.s.keepnote.aspectj.LoggingAspect -
				@Before:
2019-12-21 21:16:24 [http-nio-8083-exec-9] INFO  c.s.keepnote.aspectj.LoggingAspect -
				After
2019-12-21 21:16:24 [http-nio-8083-exec-9] INFO  c.s.keepnote.aspectj.LoggingAspect -
				Return<404 Not Found,{}>
2019-12-21 21:16:24 [http-nio-8083-exec-9] INFO  c.s.keepnote.aspectj.LoggingAspect -
				AfterReturning
2019-12-21 21:16:24 [http-nio-8083-exec-8] INFO  c.s.keepnote.aspectj.LoggingAspect -
				@Before:
2019-12-21 21:16:24 [http-nio-8083-exec-8] INFO  c.s.keepnote.aspectj.LoggingAspect -
				After
2019-12-21 21:16:24 [http-nio-8083-exec-8] INFO  c.s.keepnote.aspectj.LoggingAspect -
				Return<404 Not Found,{}>
2019-12-21 21:16:24 [http-nio-8083-exec-8] INFO  c.s.keepnote.aspectj.LoggingAspect -
				AfterReturning
2019-12-21 21:16:26 [http-nio-8083-exec-1] INFO  c.s.keepnote.aspectj.LoggingAspect -
				@Before:
2019-12-21 21:16:26 [http-nio-8083-exec-1] INFO  c.s.keepnote.aspectj.LoggingAspect -
				After
2019-12-21 21:16:26 [http-nio-8083-exec-1] INFO  c.s.keepnote.aspectj.LoggingAspect -
				Return<404 Not Found,{}>
2019-12-21 21:16:26 [http-nio-8083-exec-1] INFO  c.s.keepnote.aspectj.LoggingAspect -
				AfterReturning
2019-12-21 21:16:26 [http-nio-8083-exec-2] INFO  c.s.keepnote.aspectj.LoggingAspect -
				@Before:
2019-12-21 21:16:26 [http-nio-8083-exec-2] INFO  c.s.keepnote.aspectj.LoggingAspect -
				After
2019-12-21 21:16:26 [http-nio-8083-exec-2] INFO  c.s.keepnote.aspectj.LoggingAspect -
				Return<404 Not Found,{}>
2019-12-21 21:16:26 [http-nio-8083-exec-2] INFO  c.s.keepnote.aspectj.LoggingAspect -
				AfterReturning
2019-12-21 21:16:30 [http-nio-8083-exec-3] INFO  c.s.keepnote.aspectj.LoggingAspect -
				@Before:
2019-12-21 21:16:30 [http-nio-8083-exec-3] INFO  c.s.keepnote.aspectj.LoggingAspect -
				After
2019-12-21 21:16:30 [http-nio-8083-exec-3] INFO  c.s.keepnote.aspectj.LoggingAspect -
				Return<404 Not Found,{}>
2019-12-21 21:16:30 [http-nio-8083-exec-3] INFO  c.s.keepnote.aspectj.LoggingAspect -
				AfterReturning
2019-12-21 21:16:30 [http-nio-8083-exec-4] INFO  c.s.keepnote.aspectj.LoggingAspect -
				@Before:
2019-12-21 21:16:30 [http-nio-8083-exec-4] INFO  c.s.keepnote.aspectj.LoggingAspect -
				After
2019-12-21 21:16:30 [http-nio-8083-exec-4] INFO  c.s.keepnote.aspectj.LoggingAspect -
				Return<404 Not Found,{}>
2019-12-21 21:16:30 [http-nio-8083-exec-4] INFO  c.s.keepnote.aspectj.LoggingAspect -
				AfterReturning
2019-12-21 21:16:32 [http-nio-8083-exec-5] INFO  c.s.keepnote.aspectj.LoggingAspect -
				@Before:
2019-12-21 21:16:32 [http-nio-8083-exec-5] INFO  c.s.keepnote.aspectj.LoggingAspect -
				After
2019-12-21 21:16:32 [http-nio-8083-exec-5] INFO  c.s.keepnote.aspectj.LoggingAspect -
				Return<404 Not Found,{}>
2019-12-21 21:16:32 [http-nio-8083-exec-5] INFO  c.s.keepnote.aspectj.LoggingAspect -
				AfterReturning
2019-12-21 21:16:32 [http-nio-8083-exec-6] INFO  c.s.keepnote.aspectj.LoggingAspect -
				@Before:
2019-12-21 21:16:32 [http-nio-8083-exec-6] INFO  c.s.keepnote.aspectj.LoggingAspect -
				After
2019-12-21 21:16:32 [http-nio-8083-exec-6] INFO  c.s.keepnote.aspectj.LoggingAspect -
				Return<404 Not Found,{}>
2019-12-21 21:16:32 [http-nio-8083-exec-6] INFO  c.s.keepnote.aspectj.LoggingAspect -
				AfterReturning
2019-12-21 21:16:34 [http-nio-8083-exec-10] INFO  c.s.keepnote.aspectj.LoggingAspect -
				@Before:
2019-12-21 21:16:34 [http-nio-8083-exec-10] INFO  c.s.keepnote.aspectj.LoggingAspect -
				After
2019-12-21 21:16:34 [http-nio-8083-exec-10] INFO  c.s.keepnote.aspectj.LoggingAspect -
				Return<404 Not Found,{}>
2019-12-21 21:16:34 [http-nio-8083-exec-10] INFO  c.s.keepnote.aspectj.LoggingAspect -
				AfterReturning
2019-12-21 21:16:34 [http-nio-8083-exec-9] INFO  c.s.keepnote.aspectj.LoggingAspect -
				@Before:
2019-12-21 21:16:34 [http-nio-8083-exec-9] INFO  c.s.keepnote.aspectj.LoggingAspect -
				After
2019-12-21 21:16:34 [http-nio-8083-exec-9] INFO  c.s.keepnote.aspectj.LoggingAspect -
				Return<404 Not Found,{}>
2019-12-21 21:16:34 [http-nio-8083-exec-9] INFO  c.s.keepnote.aspectj.LoggingAspect -
				AfterReturning
