2019-12-19 21:24:33 [main] INFO  c.s.k.CategoryServiceApplication -
				Starting CategoryServiceApplication on DELL-PC with PID 9684 (started by DELL in D:\Final Integration\REST\KeepNote-Step6-Boilerplate\CategoryService)
2019-12-19 21:24:33 [main] DEBUG c.s.k.CategoryServiceApplication -
				Running with Spring Boot v2.0.2.RELEASE, Spring v5.0.6.RELEASE
2019-12-19 21:24:33 [main] INFO  c.s.k.CategoryServiceApplication -
				No active profile set, falling back to default profiles: default
2019-12-19 21:24:36 [localhost-startStop-1] DEBUG c.s.keepnote.jwtfilter.JwtFilter -
				Initializing filter 'jwtFilter'
2019-12-19 21:24:36 [localhost-startStop-1] DEBUG c.s.keepnote.jwtfilter.JwtFilter -
				Filter 'jwtFilter' configured successfully
2019-12-19 21:24:42 [main] INFO  c.s.k.CategoryServiceApplication -
				Started CategoryServiceApplication in 9.319 seconds (JVM running for 11.29)
2019-12-19 21:28:58 [http-nio-8083-exec-2] INFO  c.s.keepnote.aspectj.LoggingAspect -
				@Before:
2019-12-19 21:28:59 [http-nio-8083-exec-2] INFO  c.s.keepnote.aspectj.LoggingAspect -
				After
2019-12-19 21:28:59 [http-nio-8083-exec-2] INFO  c.s.keepnote.aspectj.LoggingAspect -
				Return<200 OK,[Category [id=asas, categoryCreationDate=null, categoryCreatedBy=amolt123, categoryDescription=asas, categoryName=sasas], Category [id=cxcxc, categoryCreationDate=null, categoryCreatedBy=amolt123, categoryDescription=xcxcx, categoryName=xcxc], Category [id=sdsd, categoryCreationDate=null, categoryCreatedBy=amolt123, categoryDescription=sdsd, categoryName=sdsd]],{}>
2019-12-19 21:28:59 [http-nio-8083-exec-2] INFO  c.s.keepnote.aspectj.LoggingAspect -
				AfterReturning
2019-12-19 21:30:27 [http-nio-8083-exec-1] INFO  c.s.keepnote.aspectj.LoggingAspect -
				@Before:
2019-12-19 21:30:27 [http-nio-8083-exec-1] INFO  c.s.keepnote.aspectj.LoggingAspect -
				After
2019-12-19 21:30:27 [http-nio-8083-exec-1] INFO  c.s.keepnote.aspectj.LoggingAspect -
				Return<200 OK,[Category [id=asas, categoryCreationDate=null, categoryCreatedBy=amolt123, categoryDescription=asas, categoryName=sasas], Category [id=cxcxc, categoryCreationDate=null, categoryCreatedBy=amolt123, categoryDescription=xcxcx, categoryName=xcxc], Category [id=sdsd, categoryCreationDate=null, categoryCreatedBy=amolt123, categoryDescription=sdsd, categoryName=sdsd]],{}>
2019-12-19 21:30:27 [http-nio-8083-exec-1] INFO  c.s.keepnote.aspectj.LoggingAspect -
				AfterReturning
2019-12-19 21:31:24 [http-nio-8083-exec-5] INFO  c.s.keepnote.aspectj.LoggingAspect -
				@Before:
2019-12-19 21:31:24 [http-nio-8083-exec-5] INFO  c.s.keepnote.aspectj.LoggingAspect -
				After
2019-12-19 21:31:24 [http-nio-8083-exec-5] INFO  c.s.keepnote.aspectj.LoggingAspect -
				Return<200 OK,[Category [id=asas, categoryCreationDate=null, categoryCreatedBy=amolt123, categoryDescription=asas, categoryName=sasas], Category [id=cxcxc, categoryCreationDate=null, categoryCreatedBy=amolt123, categoryDescription=xcxcx, categoryName=xcxc], Category [id=sdsd, categoryCreationDate=null, categoryCreatedBy=amolt123, categoryDescription=sdsd, categoryName=sdsd]],{}>
2019-12-19 21:31:24 [http-nio-8083-exec-5] INFO  c.s.keepnote.aspectj.LoggingAspect -
				AfterReturning
2019-12-19 21:31:24 [http-nio-8083-exec-9] INFO  c.s.keepnote.aspectj.LoggingAspect -
				@Before:
2019-12-19 21:31:24 [http-nio-8083-exec-9] INFO  c.s.keepnote.aspectj.LoggingAspect -
				After
2019-12-19 21:31:24 [http-nio-8083-exec-9] INFO  c.s.keepnote.aspectj.LoggingAspect -
				Return<200 OK,[Category [id=asas, categoryCreationDate=null, categoryCreatedBy=amolt123, categoryDescription=asas, categoryName=sasas], Category [id=cxcxc, categoryCreationDate=null, categoryCreatedBy=amolt123, categoryDescription=xcxcx, categoryName=xcxc], Category [id=sdsd, categoryCreationDate=null, categoryCreatedBy=amolt123, categoryDescription=sdsd, categoryName=sdsd]],{}>
2019-12-19 21:31:24 [http-nio-8083-exec-9] INFO  c.s.keepnote.aspectj.LoggingAspect -
				AfterReturning
2019-12-19 21:32:19 [http-nio-8083-exec-6] INFO  c.s.keepnote.aspectj.LoggingAspect -
				@Before:
2019-12-19 21:32:19 [http-nio-8083-exec-6] INFO  c.s.keepnote.aspectj.LoggingAspect -
				After
2019-12-19 21:32:19 [http-nio-8083-exec-6] INFO  c.s.keepnote.aspectj.LoggingAspect -
				Return<200 OK,[Category [id=asas, categoryCreationDate=null, categoryCreatedBy=amolt123, categoryDescription=asas, categoryName=sasas], Category [id=cxcxc, categoryCreationDate=null, categoryCreatedBy=amolt123, categoryDescription=xcxcx, categoryName=xcxc], Category [id=sdsd, categoryCreationDate=null, categoryCreatedBy=amolt123, categoryDescription=sdsd, categoryName=sdsd]],{}>
2019-12-19 21:32:19 [http-nio-8083-exec-6] INFO  c.s.keepnote.aspectj.LoggingAspect -
				AfterReturning
2019-12-19 21:32:27 [http-nio-8083-exec-8] INFO  c.s.keepnote.aspectj.LoggingAspect -
				@Before:
2019-12-19 21:32:27 [http-nio-8083-exec-8] INFO  c.s.keepnote.aspectj.LoggingAspect -
				After
2019-12-19 21:32:27 [http-nio-8083-exec-8] INFO  c.s.keepnote.aspectj.LoggingAspect -
				Return<201 Created,Created,{}>
2019-12-19 21:32:27 [http-nio-8083-exec-8] INFO  c.s.keepnote.aspectj.LoggingAspect -
				AfterReturning
2019-12-19 21:32:27 [http-nio-8083-exec-10] INFO  c.s.keepnote.aspectj.LoggingAspect -
				@Before:
2019-12-19 21:32:27 [http-nio-8083-exec-10] INFO  c.s.keepnote.aspectj.LoggingAspect -
				After
2019-12-19 21:32:27 [http-nio-8083-exec-10] INFO  c.s.keepnote.aspectj.LoggingAspect -
				Return<200 OK,[Category [id=asas, categoryCreationDate=null, categoryCreatedBy=amolt123, categoryDescription=asas, categoryName=sasas], Category [id=cxcxc, categoryCreationDate=null, categoryCreatedBy=amolt123, categoryDescription=xcxcx, categoryName=xcxc], Category [id=sdsd, categoryCreationDate=null, categoryCreatedBy=amolt123, categoryDescription=sdsd, categoryName=sdsd]],{}>
2019-12-19 21:32:27 [http-nio-8083-exec-10] INFO  c.s.keepnote.aspectj.LoggingAspect -
				AfterReturning
2019-12-19 21:32:38 [http-nio-8083-exec-4] INFO  c.s.keepnote.aspectj.LoggingAspect -
				@Before:
2019-12-19 21:32:38 [http-nio-8083-exec-4] INFO  c.s.keepnote.aspectj.LoggingAspect -
				After
2019-12-19 21:32:38 [http-nio-8083-exec-4] INFO  c.s.keepnote.aspectj.LoggingAspect -
				Return<200 OK,[Category [id=asas, categoryCreationDate=null, categoryCreatedBy=amolt123, categoryDescription=asas, categoryName=sasas], Category [id=cxcxc, categoryCreationDate=null, categoryCreatedBy=amolt123, categoryDescription=xcxcx, categoryName=xcxc], Category [id=sdsd, categoryCreationDate=null, categoryCreatedBy=amolt123, categoryDescription=sdsd, categoryName=sdsd]],{}>
2019-12-19 21:32:38 [http-nio-8083-exec-4] INFO  c.s.keepnote.aspectj.LoggingAspect -
				AfterReturning
2019-12-19 21:32:51 [http-nio-8083-exec-9] INFO  c.s.keepnote.aspectj.LoggingAspect -
				@Before:
2019-12-19 21:32:51 [http-nio-8083-exec-9] INFO  c.s.keepnote.aspectj.LoggingAspect -
				After
2019-12-19 21:32:51 [http-nio-8083-exec-9] INFO  c.s.keepnote.aspectj.LoggingAspect -
				Return<201 Created,Created,{}>
2019-12-19 21:32:51 [http-nio-8083-exec-9] INFO  c.s.keepnote.aspectj.LoggingAspect -
				AfterReturning
2019-12-19 21:32:51 [http-nio-8083-exec-7] INFO  c.s.keepnote.aspectj.LoggingAspect -
				@Before:
2019-12-19 21:32:51 [http-nio-8083-exec-7] INFO  c.s.keepnote.aspectj.LoggingAspect -
				After
2019-12-19 21:32:51 [http-nio-8083-exec-7] INFO  c.s.keepnote.aspectj.LoggingAspect -
				Return<200 OK,[Category [id=asas, categoryCreationDate=null, categoryCreatedBy=amolt123, categoryDescription=asas, categoryName=sasas], Category [id=cxcxc, categoryCreationDate=null, categoryCreatedBy=amolt123, categoryDescription=xcxcx, categoryName=xcxc], Category [id=sdsd, categoryCreationDate=null, categoryCreatedBy=amolt123, categoryDescription=sdsd, categoryName=sdsd]],{}>
2019-12-19 21:32:51 [http-nio-8083-exec-7] INFO  c.s.keepnote.aspectj.LoggingAspect -
				AfterReturning
2019-12-19 21:33:09 [http-nio-8083-exec-3] INFO  c.s.keepnote.aspectj.LoggingAspect -
				@Before:
2019-12-19 21:33:09 [http-nio-8083-exec-3] INFO  c.s.keepnote.aspectj.LoggingAspect -
				After
2019-12-19 21:33:09 [http-nio-8083-exec-3] INFO  c.s.keepnote.aspectj.LoggingAspect -
				Return<200 OK,[Category [id=asas, categoryCreationDate=null, categoryCreatedBy=amolt123, categoryDescription=asas, categoryName=sasas], Category [id=cxcxc, categoryCreationDate=null, categoryCreatedBy=amolt123, categoryDescription=xcxcx, categoryName=xcxc], Category [id=sdsd, categoryCreationDate=null, categoryCreatedBy=amolt123, categoryDescription=sdsd, categoryName=sdsd]],{}>
2019-12-19 21:33:09 [http-nio-8083-exec-3] INFO  c.s.keepnote.aspectj.LoggingAspect -
				AfterReturning
2019-12-19 21:33:22 [http-nio-8083-exec-10] INFO  c.s.keepnote.aspectj.LoggingAspect -
				@Before:
2019-12-19 21:33:22 [http-nio-8083-exec-10] INFO  c.s.keepnote.aspectj.LoggingAspect -
				After
2019-12-19 21:33:22 [http-nio-8083-exec-10] INFO  c.s.keepnote.aspectj.LoggingAspect -
				Return<200 OK,Deleted Successfully,{}>
2019-12-19 21:33:22 [http-nio-8083-exec-10] INFO  c.s.keepnote.aspectj.LoggingAspect -
				AfterReturning
2019-12-19 21:34:49 [http-nio-8083-exec-4] INFO  c.s.keepnote.aspectj.LoggingAspect -
				@Before:
2019-12-19 21:34:49 [http-nio-8083-exec-4] INFO  c.s.keepnote.aspectj.LoggingAspect -
				After
2019-12-19 21:34:49 [http-nio-8083-exec-4] INFO  c.s.keepnote.aspectj.LoggingAspect -
				Return<200 OK,[Category [id=cxcxc, categoryCreationDate=null, categoryCreatedBy=amolt123, categoryDescription=xcxcx, categoryName=xcxc], Category [id=sdsd, categoryCreationDate=null, categoryCreatedBy=amolt123, categoryDescription=sdsd, categoryName=sdsd]],{}>
2019-12-19 21:34:49 [http-nio-8083-exec-4] INFO  c.s.keepnote.aspectj.LoggingAspect -
				AfterReturning
2019-12-19 21:35:41 [http-nio-8083-exec-9] INFO  c.s.keepnote.aspectj.LoggingAspect -
				@Before:
2019-12-19 21:35:41 [http-nio-8083-exec-9] INFO  c.s.keepnote.aspectj.LoggingAspect -
				After
2019-12-19 21:35:41 [http-nio-8083-exec-9] INFO  c.s.keepnote.aspectj.LoggingAspect -
				Return<200 OK,[Category [id=cxcxc, categoryCreationDate=null, categoryCreatedBy=amolt123, categoryDescription=xcxcx, categoryName=xcxc], Category [id=sdsd, categoryCreationDate=null, categoryCreatedBy=amolt123, categoryDescription=sdsd, categoryName=sdsd]],{}>
2019-12-19 21:35:41 [http-nio-8083-exec-9] INFO  c.s.keepnote.aspectj.LoggingAspect -
				AfterReturning
2019-12-19 21:35:58 [http-nio-8083-exec-7] INFO  c.s.keepnote.aspectj.LoggingAspect -
				@Before:
2019-12-19 21:35:58 [http-nio-8083-exec-7] INFO  c.s.keepnote.aspectj.LoggingAspect -
				After
2019-12-19 21:35:58 [http-nio-8083-exec-7] INFO  c.s.keepnote.aspectj.LoggingAspect -
				Return<201 Created,Created,{}>
2019-12-19 21:35:58 [http-nio-8083-exec-7] INFO  c.s.keepnote.aspectj.LoggingAspect -
				AfterReturning
2019-12-19 21:35:58 [http-nio-8083-exec-6] INFO  c.s.keepnote.aspectj.LoggingAspect -
				@Before:
2019-12-19 21:35:58 [http-nio-8083-exec-6] INFO  c.s.keepnote.aspectj.LoggingAspect -
				After
2019-12-19 21:35:58 [http-nio-8083-exec-6] INFO  c.s.keepnote.aspectj.LoggingAspect -
				Return<200 OK,[Category [id=cxcxc, categoryCreationDate=null, categoryCreatedBy=amolt123, categoryDescription=xcxcx, categoryName=xcxc], Category [id=sdsd, categoryCreationDate=null, categoryCreatedBy=amolt123, categoryDescription=sdsd, categoryName=sdsd]],{}>
2019-12-19 21:35:58 [http-nio-8083-exec-6] INFO  c.s.keepnote.aspectj.LoggingAspect -
				AfterReturning
2019-12-19 21:36:05 [http-nio-8083-exec-2] INFO  c.s.keepnote.aspectj.LoggingAspect -
				@Before:
2019-12-19 21:36:05 [http-nio-8083-exec-2] INFO  c.s.keepnote.aspectj.LoggingAspect -
				After
2019-12-19 21:36:05 [http-nio-8083-exec-2] INFO  c.s.keepnote.aspectj.LoggingAspect -
				Return<201 Created,Created,{}>
2019-12-19 21:36:05 [http-nio-8083-exec-2] INFO  c.s.keepnote.aspectj.LoggingAspect -
				AfterReturning
2019-12-19 21:36:05 [http-nio-8083-exec-8] INFO  c.s.keepnote.aspectj.LoggingAspect -
				@Before:
2019-12-19 21:36:05 [http-nio-8083-exec-8] INFO  c.s.keepnote.aspectj.LoggingAspect -
				After
2019-12-19 21:36:05 [http-nio-8083-exec-8] INFO  c.s.keepnote.aspectj.LoggingAspect -
				Return<200 OK,[Category [id=cxcxc, categoryCreationDate=null, categoryCreatedBy=amolt123, categoryDescription=xcxcx, categoryName=xcxc], Category [id=sdsd, categoryCreationDate=null, categoryCreatedBy=amolt123, categoryDescription=sdsd, categoryName=sdsd]],{}>
2019-12-19 21:36:05 [http-nio-8083-exec-8] INFO  c.s.keepnote.aspectj.LoggingAspect -
				AfterReturning
2019-12-19 21:38:18 [http-nio-8083-exec-1] INFO  c.s.keepnote.aspectj.LoggingAspect -
				@Before:
2019-12-19 21:38:18 [http-nio-8083-exec-1] INFO  c.s.keepnote.aspectj.LoggingAspect -
				After
2019-12-19 21:38:18 [http-nio-8083-exec-1] INFO  c.s.keepnote.aspectj.LoggingAspect -
				Return<201 Created,Created,{}>
2019-12-19 21:38:18 [http-nio-8083-exec-1] INFO  c.s.keepnote.aspectj.LoggingAspect -
				AfterReturning
2019-12-19 21:38:18 [http-nio-8083-exec-4] INFO  c.s.keepnote.aspectj.LoggingAspect -
				@Before:
2019-12-19 21:38:18 [http-nio-8083-exec-4] INFO  c.s.keepnote.aspectj.LoggingAspect -
				After
2019-12-19 21:38:18 [http-nio-8083-exec-4] INFO  c.s.keepnote.aspectj.LoggingAspect -
				Return<200 OK,[Category [id=cxcxc, categoryCreationDate=null, categoryCreatedBy=amolt123, categoryDescription=xcxcx, categoryName=xcxc], Category [id=sdsd, categoryCreationDate=null, categoryCreatedBy=amolt123, categoryDescription=sdsd, categoryName=sdsd]],{}>
2019-12-19 21:38:18 [http-nio-8083-exec-4] INFO  c.s.keepnote.aspectj.LoggingAspect -
				AfterReturning
2019-12-19 21:38:26 [http-nio-8083-exec-9] INFO  c.s.keepnote.aspectj.LoggingAspect -
				@Before:
2019-12-19 21:38:26 [http-nio-8083-exec-9] INFO  c.s.keepnote.aspectj.LoggingAspect -
				After
2019-12-19 21:38:26 [http-nio-8083-exec-9] INFO  c.s.keepnote.aspectj.LoggingAspect -
				Return<200 OK,[Category [id=cxcxc, categoryCreationDate=null, categoryCreatedBy=amolt123, categoryDescription=xcxcx, categoryName=xcxc], Category [id=sdsd, categoryCreationDate=null, categoryCreatedBy=amolt123, categoryDescription=sdsd, categoryName=sdsd]],{}>
2019-12-19 21:38:26 [http-nio-8083-exec-9] INFO  c.s.keepnote.aspectj.LoggingAspect -
				AfterReturning
2019-12-19 21:39:11 [http-nio-8083-exec-7] INFO  c.s.keepnote.aspectj.LoggingAspect -
				@Before:
2019-12-19 21:39:11 [http-nio-8083-exec-7] INFO  c.s.keepnote.aspectj.LoggingAspect -
				After
2019-12-19 21:39:11 [http-nio-8083-exec-7] INFO  c.s.keepnote.aspectj.LoggingAspect -
				Return<200 OK,[Category [id=cxcxc, categoryCreationDate=null, categoryCreatedBy=amolt123, categoryDescription=xcxcx, categoryName=xcxc], Category [id=sdsd, categoryCreationDate=null, categoryCreatedBy=amolt123, categoryDescription=sdsd, categoryName=sdsd]],{}>
2019-12-19 21:39:11 [http-nio-8083-exec-7] INFO  c.s.keepnote.aspectj.LoggingAspect -
				AfterReturning
2019-12-19 21:39:17 [http-nio-8083-exec-6] INFO  c.s.keepnote.aspectj.LoggingAspect -
				@Before:
2019-12-19 21:39:17 [http-nio-8083-exec-6] INFO  c.s.keepnote.aspectj.LoggingAspect -
				After
2019-12-19 21:39:17 [http-nio-8083-exec-6] INFO  c.s.keepnote.aspectj.LoggingAspect -
				Return<201 Created,Created,{}>
2019-12-19 21:39:17 [http-nio-8083-exec-6] INFO  c.s.keepnote.aspectj.LoggingAspect -
				AfterReturning
2019-12-19 21:39:17 [http-nio-8083-exec-3] INFO  c.s.keepnote.aspectj.LoggingAspect -
				@Before:
2019-12-19 21:39:17 [http-nio-8083-exec-3] INFO  c.s.keepnote.aspectj.LoggingAspect -
				After
2019-12-19 21:39:17 [http-nio-8083-exec-3] INFO  c.s.keepnote.aspectj.LoggingAspect -
				Return<200 OK,[Category [id=cxcxc, categoryCreationDate=null, categoryCreatedBy=amolt123, categoryDescription=xcxcx, categoryName=xcxc], Category [id=sdsd, categoryCreationDate=null, categoryCreatedBy=amolt123, categoryDescription=sdsd, categoryName=sdsd]],{}>
2019-12-19 21:39:17 [http-nio-8083-exec-3] INFO  c.s.keepnote.aspectj.LoggingAspect -
				AfterReturning
2019-12-19 21:40:10 [http-nio-8083-exec-2] INFO  c.s.keepnote.aspectj.LoggingAspect -
				@Before:
2019-12-19 21:40:10 [http-nio-8083-exec-2] INFO  c.s.keepnote.aspectj.LoggingAspect -
				After
2019-12-19 21:40:10 [http-nio-8083-exec-2] INFO  c.s.keepnote.aspectj.LoggingAspect -
				Return<200 OK,[Category [id=cxcxc, categoryCreationDate=null, categoryCreatedBy=amolt123, categoryDescription=xcxcx, categoryName=xcxc], Category [id=sdsd, categoryCreationDate=null, categoryCreatedBy=amolt123, categoryDescription=sdsd, categoryName=sdsd]],{}>
2019-12-19 21:40:10 [http-nio-8083-exec-2] INFO  c.s.keepnote.aspectj.LoggingAspect -
				AfterReturning
2019-12-19 21:40:14 [http-nio-8083-exec-10] INFO  c.s.keepnote.aspectj.LoggingAspect -
				@Before:
2019-12-19 21:40:14 [http-nio-8083-exec-10] INFO  c.s.keepnote.aspectj.LoggingAspect -
				After
2019-12-19 21:40:14 [http-nio-8083-exec-10] INFO  c.s.keepnote.aspectj.LoggingAspect -
				Return<201 Created,Created,{}>
2019-12-19 21:40:14 [http-nio-8083-exec-10] INFO  c.s.keepnote.aspectj.LoggingAspect -
				AfterReturning
2019-12-19 21:40:14 [http-nio-8083-exec-1] INFO  c.s.keepnote.aspectj.LoggingAspect -
				@Before:
2019-12-19 21:40:14 [http-nio-8083-exec-1] INFO  c.s.keepnote.aspectj.LoggingAspect -
				After
2019-12-19 21:40:14 [http-nio-8083-exec-1] INFO  c.s.keepnote.aspectj.LoggingAspect -
				Return<200 OK,[Category [id=cxcxc, categoryCreationDate=null, categoryCreatedBy=amolt123, categoryDescription=xcxcx, categoryName=xcxc], Category [id=sdsd, categoryCreationDate=null, categoryCreatedBy=amolt123, categoryDescription=sdsd, categoryName=sdsd]],{}>
2019-12-19 21:40:14 [http-nio-8083-exec-1] INFO  c.s.keepnote.aspectj.LoggingAspect -
				AfterReturning
2019-12-19 21:44:21 [http-nio-8083-exec-1] INFO  c.s.keepnote.aspectj.LoggingAspect -
				@Before:
2019-12-19 21:44:21 [http-nio-8083-exec-1] INFO  c.s.keepnote.aspectj.LoggingAspect -
				After
2019-12-19 21:44:21 [http-nio-8083-exec-1] INFO  c.s.keepnote.aspectj.LoggingAspect -
				Return<200 OK,[Category [id=cxcxc, categoryCreationDate=null, categoryCreatedBy=amolt123, categoryDescription=xcxcx, categoryName=xcxc], Category [id=sdsd, categoryCreationDate=null, categoryCreatedBy=amolt123, categoryDescription=sdsd, categoryName=sdsd]],{}>
2019-12-19 21:44:21 [http-nio-8083-exec-1] INFO  c.s.keepnote.aspectj.LoggingAspect -
				AfterReturning
2019-12-19 21:45:07 [http-nio-8083-exec-5] INFO  c.s.keepnote.aspectj.LoggingAspect -
				@Before:
2019-12-19 21:45:07 [http-nio-8083-exec-5] INFO  c.s.keepnote.aspectj.LoggingAspect -
				After
2019-12-19 21:45:07 [http-nio-8083-exec-5] INFO  c.s.keepnote.aspectj.LoggingAspect -
				Return<200 OK,Category [id=5dfba20bcbe0a525d442a199, categoryCreationDate=null, categoryCreatedBy=null, categoryDescription=xcxcx, categoryName=xcxc],{}>
2019-12-19 21:45:07 [http-nio-8083-exec-5] INFO  c.s.keepnote.aspectj.LoggingAspect -
				AfterReturning
2019-12-19 21:45:15 [http-nio-8083-exec-9] INFO  c.s.keepnote.aspectj.LoggingAspect -
				@Before:
2019-12-19 21:45:15 [http-nio-8083-exec-9] INFO  c.s.keepnote.aspectj.LoggingAspect -
				After
2019-12-19 21:45:15 [http-nio-8083-exec-9] INFO  c.s.keepnote.aspectj.LoggingAspect -
				Return<200 OK,Category [id=5dfba213cbe0a525d442a19a, categoryCreationDate=null, categoryCreatedBy=null, categoryDescription=xcxcx, categoryName=xcxc],{}>
2019-12-19 21:45:15 [http-nio-8083-exec-9] INFO  c.s.keepnote.aspectj.LoggingAspect -
				AfterReturning
2019-12-19 21:45:23 [http-nio-8083-exec-6] INFO  c.s.keepnote.aspectj.LoggingAspect -
				@Before:
2019-12-19 21:45:23 [http-nio-8083-exec-6] INFO  c.s.keepnote.aspectj.LoggingAspect -
				After
2019-12-19 21:45:23 [http-nio-8083-exec-6] INFO  c.s.keepnote.aspectj.LoggingAspect -
				Return<200 OK,Category [id=5dfba21bcbe0a525d442a19b, categoryCreationDate=null, categoryCreatedBy=null, categoryDescription=sdsd, categoryName=sdsd],{}>
2019-12-19 21:45:23 [http-nio-8083-exec-6] INFO  c.s.keepnote.aspectj.LoggingAspect -
				AfterReturning
2019-12-19 21:45:24 [http-nio-8083-exec-2] INFO  c.s.keepnote.aspectj.LoggingAspect -
				@Before:
2019-12-19 21:45:24 [http-nio-8083-exec-2] INFO  c.s.keepnote.aspectj.LoggingAspect -
				After
2019-12-19 21:45:24 [http-nio-8083-exec-2] INFO  c.s.keepnote.aspectj.LoggingAspect -
				Return<200 OK,Category [id=5dfba21ccbe0a525d442a19c, categoryCreationDate=null, categoryCreatedBy=null, categoryDescription=sdsd, categoryName=sdsd],{}>
2019-12-19 21:45:24 [http-nio-8083-exec-2] INFO  c.s.keepnote.aspectj.LoggingAspect -
				AfterReturning
2019-12-19 21:45:24 [http-nio-8083-exec-3] INFO  c.s.keepnote.aspectj.LoggingAspect -
				@Before:
2019-12-19 21:45:24 [http-nio-8083-exec-3] INFO  c.s.keepnote.aspectj.LoggingAspect -
				After
2019-12-19 21:45:24 [http-nio-8083-exec-3] INFO  c.s.keepnote.aspectj.LoggingAspect -
				Return<200 OK,Category [id=5dfba21ccbe0a525d442a19d, categoryCreationDate=null, categoryCreatedBy=null, categoryDescription=sdsd, categoryName=sdsd],{}>
2019-12-19 21:45:24 [http-nio-8083-exec-3] INFO  c.s.keepnote.aspectj.LoggingAspect -
				AfterReturning
2019-12-19 21:45:24 [http-nio-8083-exec-8] INFO  c.s.keepnote.aspectj.LoggingAspect -
				@Before:
2019-12-19 21:45:24 [http-nio-8083-exec-8] INFO  c.s.keepnote.aspectj.LoggingAspect -
				After
2019-12-19 21:45:24 [http-nio-8083-exec-8] INFO  c.s.keepnote.aspectj.LoggingAspect -
				Return<200 OK,Category [id=5dfba21ccbe0a525d442a19e, categoryCreationDate=null, categoryCreatedBy=null, categoryDescription=sdsd, categoryName=sdsd],{}>
2019-12-19 21:45:24 [http-nio-8083-exec-8] INFO  c.s.keepnote.aspectj.LoggingAspect -
				AfterReturning
2019-12-19 21:45:27 [http-nio-8083-exec-10] INFO  c.s.keepnote.aspectj.LoggingAspect -
				@Before:
2019-12-19 21:45:27 [http-nio-8083-exec-10] INFO  c.s.keepnote.aspectj.LoggingAspect -
				After
2019-12-19 21:45:27 [http-nio-8083-exec-10] INFO  c.s.keepnote.aspectj.LoggingAspect -
				Return<200 OK,Category [id=5dfba21fcbe0a525d442a19f, categoryCreationDate=null, categoryCreatedBy=null, categoryDescription=sdsd, categoryName=sdsd],{}>
2019-12-19 21:45:27 [http-nio-8083-exec-10] INFO  c.s.keepnote.aspectj.LoggingAspect -
				AfterReturning
2019-12-19 21:45:28 [http-nio-8083-exec-1] INFO  c.s.keepnote.aspectj.LoggingAspect -
				@Before:
2019-12-19 21:45:28 [http-nio-8083-exec-1] INFO  c.s.keepnote.aspectj.LoggingAspect -
				After
2019-12-19 21:45:28 [http-nio-8083-exec-1] INFO  c.s.keepnote.aspectj.LoggingAspect -
				Return<200 OK,Category [id=5dfba220cbe0a525d442a1a0, categoryCreationDate=null, categoryCreatedBy=null, categoryDescription=sdsd, categoryName=sdsd],{}>
2019-12-19 21:45:28 [http-nio-8083-exec-1] INFO  c.s.keepnote.aspectj.LoggingAspect -
				AfterReturning
2019-12-19 21:45:28 [http-nio-8083-exec-4] INFO  c.s.keepnote.aspectj.LoggingAspect -
				@Before:
2019-12-19 21:45:28 [http-nio-8083-exec-4] INFO  c.s.keepnote.aspectj.LoggingAspect -
				After
2019-12-19 21:45:28 [http-nio-8083-exec-4] INFO  c.s.keepnote.aspectj.LoggingAspect -
				Return<200 OK,Category [id=5dfba220cbe0a525d442a1a1, categoryCreationDate=null, categoryCreatedBy=null, categoryDescription=sdsd, categoryName=sdsd],{}>
2019-12-19 21:45:28 [http-nio-8083-exec-4] INFO  c.s.keepnote.aspectj.LoggingAspect -
				AfterReturning
2019-12-19 21:45:29 [http-nio-8083-exec-5] INFO  c.s.keepnote.aspectj.LoggingAspect -
				@Before:
2019-12-19 21:45:29 [http-nio-8083-exec-5] INFO  c.s.keepnote.aspectj.LoggingAspect -
				After
2019-12-19 21:45:29 [http-nio-8083-exec-5] INFO  c.s.keepnote.aspectj.LoggingAspect -
				Return<200 OK,Category [id=5dfba221cbe0a525d442a1a2, categoryCreationDate=null, categoryCreatedBy=null, categoryDescription=sdsd, categoryName=sdsd],{}>
2019-12-19 21:45:29 [http-nio-8083-exec-5] INFO  c.s.keepnote.aspectj.LoggingAspect -
				AfterReturning
2019-12-19 21:58:45 [http-nio-8083-exec-7] INFO  c.s.keepnote.aspectj.LoggingAspect -
				@Before:
2019-12-19 21:58:45 [http-nio-8083-exec-7] INFO  c.s.keepnote.aspectj.LoggingAspect -
				After
2019-12-19 21:58:45 [http-nio-8083-exec-7] INFO  c.s.keepnote.aspectj.LoggingAspect -
				Return<200 OK,Category [id=5dfba53dcbe0a525d442a1a3, categoryCreationDate=null, categoryCreatedBy=null, categoryDescription=sdsd, categoryName=sdsd],{}>
2019-12-19 21:58:45 [http-nio-8083-exec-7] INFO  c.s.keepnote.aspectj.LoggingAspect -
				AfterReturning
2019-12-19 21:58:54 [http-nio-8083-exec-6] INFO  c.s.keepnote.aspectj.LoggingAspect -
				@Before:
2019-12-19 21:58:54 [http-nio-8083-exec-6] INFO  c.s.keepnote.aspectj.LoggingAspect -
				After
2019-12-19 21:58:54 [http-nio-8083-exec-6] INFO  c.s.keepnote.aspectj.LoggingAspect -
				Return<200 OK,Category [id=5dfba546cbe0a525d442a1a4, categoryCreationDate=null, categoryCreatedBy=null, categoryDescription=sdsd, categoryName=sdsd],{}>
2019-12-19 21:58:54 [http-nio-8083-exec-6] INFO  c.s.keepnote.aspectj.LoggingAspect -
				AfterReturning
2019-12-19 22:03:50 [http-nio-8083-exec-3] INFO  c.s.keepnote.aspectj.LoggingAspect -
				@Before:
2019-12-19 22:03:50 [http-nio-8083-exec-3] INFO  c.s.keepnote.aspectj.LoggingAspect -
				After
2019-12-19 22:03:50 [http-nio-8083-exec-3] INFO  c.s.keepnote.aspectj.LoggingAspect -
				Return<200 OK,Category [id=5dfba66ecbe0a525d442a1a5, categoryCreationDate=null, categoryCreatedBy=null, categoryDescription=sdsd, categoryName=sdsd],{}>
2019-12-19 22:03:50 [http-nio-8083-exec-3] INFO  c.s.keepnote.aspectj.LoggingAspect -
				AfterReturning
2019-12-19 22:06:42 [http-nio-8083-exec-10] INFO  c.s.keepnote.aspectj.LoggingAspect -
				@Before:
2019-12-19 22:06:42 [http-nio-8083-exec-10] INFO  c.s.keepnote.aspectj.LoggingAspect -
				After
2019-12-19 22:06:42 [http-nio-8083-exec-10] INFO  c.s.keepnote.aspectj.LoggingAspect -
				Return<200 OK,Category [id=5dfba71acbe0a525d442a1a6, categoryCreationDate=null, categoryCreatedBy=null, categoryDescription=sdsd, categoryName=sdsd],{}>
2019-12-19 22:06:42 [http-nio-8083-exec-10] INFO  c.s.keepnote.aspectj.LoggingAspect -
				AfterReturning
2019-12-19 22:12:27 [http-nio-8083-exec-5] INFO  c.s.keepnote.aspectj.LoggingAspect -
				@Before:
2019-12-19 22:12:27 [http-nio-8083-exec-5] INFO  c.s.keepnote.aspectj.LoggingAspect -
				After
2019-12-19 22:12:27 [http-nio-8083-exec-5] INFO  c.s.keepnote.aspectj.LoggingAspect -
				Return<200 OK,[Category [id=cxcxc, categoryCreationDate=null, categoryCreatedBy=amolt123, categoryDescription=xcxcx, categoryName=xcxc], Category [id=sdsd, categoryCreationDate=null, categoryCreatedBy=amolt123, categoryDescription=sdsd, categoryName=sdsd]],{}>
2019-12-19 22:12:27 [http-nio-8083-exec-5] INFO  c.s.keepnote.aspectj.LoggingAspect -
				AfterReturning
2019-12-19 22:12:32 [http-nio-8083-exec-7] INFO  c.s.keepnote.aspectj.LoggingAspect -
				@Before:
2019-12-19 22:12:32 [http-nio-8083-exec-7] INFO  c.s.keepnote.aspectj.LoggingAspect -
				After
2019-12-19 22:12:32 [http-nio-8083-exec-7] INFO  c.s.keepnote.aspectj.LoggingAspect -
				Return<201 Created,Created,{}>
2019-12-19 22:12:32 [http-nio-8083-exec-7] INFO  c.s.keepnote.aspectj.LoggingAspect -
				AfterReturning
2019-12-19 22:12:32 [http-nio-8083-exec-6] INFO  c.s.keepnote.aspectj.LoggingAspect -
				@Before:
2019-12-19 22:12:32 [http-nio-8083-exec-6] INFO  c.s.keepnote.aspectj.LoggingAspect -
				After
2019-12-19 22:12:32 [http-nio-8083-exec-6] INFO  c.s.keepnote.aspectj.LoggingAspect -
				Return<200 OK,[Category [id=cxcxc, categoryCreationDate=null, categoryCreatedBy=amolt123, categoryDescription=xcxcx, categoryName=xcxc], Category [id=sdsd, categoryCreationDate=null, categoryCreatedBy=amolt123, categoryDescription=sdsd, categoryName=sdsd]],{}>
2019-12-19 22:12:32 [http-nio-8083-exec-6] INFO  c.s.keepnote.aspectj.LoggingAspect -
				AfterReturning
2019-12-19 22:13:11 [http-nio-8083-exec-2] INFO  c.s.keepnote.aspectj.LoggingAspect -
				@Before:
2019-12-19 22:13:11 [http-nio-8083-exec-2] INFO  c.s.keepnote.aspectj.LoggingAspect -
				After
2019-12-19 22:13:11 [http-nio-8083-exec-2] INFO  c.s.keepnote.aspectj.LoggingAspect -
				Return<201 Created,Created,{}>
2019-12-19 22:13:11 [http-nio-8083-exec-2] INFO  c.s.keepnote.aspectj.LoggingAspect -
				AfterReturning
2019-12-19 22:13:11 [http-nio-8083-exec-3] INFO  c.s.keepnote.aspectj.LoggingAspect -
				@Before:
2019-12-19 22:13:11 [http-nio-8083-exec-3] INFO  c.s.keepnote.aspectj.LoggingAspect -
				After
2019-12-19 22:13:11 [http-nio-8083-exec-3] INFO  c.s.keepnote.aspectj.LoggingAspect -
				Return<200 OK,[Category [id=cxcxc, categoryCreationDate=null, categoryCreatedBy=amolt123, categoryDescription=xcxcx, categoryName=xcxc], Category [id=sdsd, categoryCreationDate=null, categoryCreatedBy=amolt123, categoryDescription=sdsd, categoryName=sdsd]],{}>
2019-12-19 22:13:11 [http-nio-8083-exec-3] INFO  c.s.keepnote.aspectj.LoggingAspect -
				AfterReturning
2019-12-19 22:16:07 [http-nio-8083-exec-10] INFO  c.s.keepnote.aspectj.LoggingAspect -
				@Before:
2019-12-19 22:16:07 [http-nio-8083-exec-10] INFO  c.s.keepnote.aspectj.LoggingAspect -
				After
2019-12-19 22:16:07 [http-nio-8083-exec-10] INFO  c.s.keepnote.aspectj.LoggingAspect -
				Return<200 OK,[Category [id=cxcxc, categoryCreationDate=null, categoryCreatedBy=amolt123, categoryDescription=xcxcx, categoryName=xcxc], Category [id=sdsd, categoryCreationDate=null, categoryCreatedBy=amolt123, categoryDescription=sdsd, categoryName=sdsd]],{}>
2019-12-19 22:16:07 [http-nio-8083-exec-10] INFO  c.s.keepnote.aspectj.LoggingAspect -
				AfterReturning
2019-12-19 22:16:15 [http-nio-8083-exec-1] INFO  c.s.keepnote.aspectj.LoggingAspect -
				@Before:
2019-12-19 22:16:15 [http-nio-8083-exec-1] INFO  c.s.keepnote.aspectj.LoggingAspect -
				After
2019-12-19 22:16:15 [http-nio-8083-exec-1] INFO  c.s.keepnote.aspectj.LoggingAspect -
				Return<200 OK,[Category [id=cxcxc, categoryCreationDate=null, categoryCreatedBy=amolt123, categoryDescription=xcxcx, categoryName=xcxc], Category [id=sdsd, categoryCreationDate=null, categoryCreatedBy=amolt123, categoryDescription=sdsd, categoryName=sdsd]],{}>
2019-12-19 22:16:15 [http-nio-8083-exec-1] INFO  c.s.keepnote.aspectj.LoggingAspect -
				AfterReturning
2019-12-19 22:19:06 [http-nio-8083-exec-5] INFO  c.s.keepnote.aspectj.LoggingAspect -
				@Before:
2019-12-19 22:19:06 [http-nio-8083-exec-5] INFO  c.s.keepnote.aspectj.LoggingAspect -
				After
2019-12-19 22:19:06 [http-nio-8083-exec-5] INFO  c.s.keepnote.aspectj.LoggingAspect -
				Return<200 OK,[Category [id=cxcxc, categoryCreationDate=null, categoryCreatedBy=amolt123, categoryDescription=xcxcx, categoryName=xcxc], Category [id=sdsd, categoryCreationDate=null, categoryCreatedBy=amolt123, categoryDescription=sdsd, categoryName=sdsd]],{}>
2019-12-19 22:19:06 [http-nio-8083-exec-5] INFO  c.s.keepnote.aspectj.LoggingAspect -
				AfterReturning
2019-12-19 22:19:10 [http-nio-8083-exec-7] INFO  c.s.keepnote.aspectj.LoggingAspect -
				@Before:
2019-12-19 22:19:10 [http-nio-8083-exec-7] INFO  c.s.keepnote.aspectj.LoggingAspect -
				After
2019-12-19 22:19:10 [http-nio-8083-exec-7] INFO  c.s.keepnote.aspectj.LoggingAspect -
				Return<200 OK,[Category [id=cxcxc, categoryCreationDate=null, categoryCreatedBy=amolt123, categoryDescription=xcxcx, categoryName=xcxc], Category [id=sdsd, categoryCreationDate=null, categoryCreatedBy=amolt123, categoryDescription=sdsd, categoryName=sdsd]],{}>
2019-12-19 22:19:10 [http-nio-8083-exec-7] INFO  c.s.keepnote.aspectj.LoggingAspect -
				AfterReturning
2019-12-19 22:24:50 [http-nio-8083-exec-2] INFO  c.s.keepnote.aspectj.LoggingAspect -
				@Before:
2019-12-19 22:24:50 [http-nio-8083-exec-2] INFO  c.s.keepnote.aspectj.LoggingAspect -
				After
2019-12-19 22:24:50 [http-nio-8083-exec-2] INFO  c.s.keepnote.aspectj.LoggingAspect -
				Return<200 OK,[Category [id=cxcxc, categoryCreationDate=null, categoryCreatedBy=amolt123, categoryDescription=xcxcx, categoryName=xcxc], Category [id=sdsd, categoryCreationDate=null, categoryCreatedBy=amolt123, categoryDescription=sdsd, categoryName=sdsd]],{}>
2019-12-19 22:24:50 [http-nio-8083-exec-2] INFO  c.s.keepnote.aspectj.LoggingAspect -
				AfterReturning
2019-12-19 22:25:20 [http-nio-8083-exec-3] INFO  c.s.keepnote.aspectj.LoggingAspect -
				@Before:
2019-12-19 22:25:20 [http-nio-8083-exec-3] INFO  c.s.keepnote.aspectj.LoggingAspect -
				After
2019-12-19 22:25:20 [http-nio-8083-exec-3] INFO  c.s.keepnote.aspectj.LoggingAspect -
				Return<200 OK,[Category [id=cxcxc, categoryCreationDate=null, categoryCreatedBy=amolt123, categoryDescription=xcxcx, categoryName=xcxc], Category [id=sdsd, categoryCreationDate=null, categoryCreatedBy=amolt123, categoryDescription=sdsd, categoryName=sdsd]],{}>
2019-12-19 22:25:20 [http-nio-8083-exec-3] INFO  c.s.keepnote.aspectj.LoggingAspect -
				AfterReturning
2019-12-19 22:36:07 [http-nio-8083-exec-10] INFO  c.s.keepnote.aspectj.LoggingAspect -
				@Before:
2019-12-19 22:36:07 [http-nio-8083-exec-10] INFO  c.s.keepnote.aspectj.LoggingAspect -
				After
2019-12-19 22:36:07 [http-nio-8083-exec-10] INFO  c.s.keepnote.aspectj.LoggingAspect -
				Return<200 OK,[Category [id=cxcxc, categoryCreationDate=null, categoryCreatedBy=amolt123, categoryDescription=xcxcx, categoryName=xcxc], Category [id=sdsd, categoryCreationDate=null, categoryCreatedBy=amolt123, categoryDescription=sdsd, categoryName=sdsd]],{}>
2019-12-19 22:36:07 [http-nio-8083-exec-10] INFO  c.s.keepnote.aspectj.LoggingAspect -
				AfterReturning
2019-12-19 22:36:38 [http-nio-8083-exec-4] INFO  c.s.keepnote.aspectj.LoggingAspect -
				@Before:
2019-12-19 22:36:38 [http-nio-8083-exec-4] INFO  c.s.keepnote.aspectj.LoggingAspect -
				After
2019-12-19 22:36:38 [http-nio-8083-exec-4] INFO  c.s.keepnote.aspectj.LoggingAspect -
				Return<200 OK,[Category [id=cxcxc, categoryCreationDate=null, categoryCreatedBy=amolt123, categoryDescription=xcxcx, categoryName=xcxc], Category [id=sdsd, categoryCreationDate=null, categoryCreatedBy=amolt123, categoryDescription=sdsd, categoryName=sdsd]],{}>
2019-12-19 22:36:38 [http-nio-8083-exec-4] INFO  c.s.keepnote.aspectj.LoggingAspect -
				AfterReturning
2019-12-19 22:37:16 [http-nio-8083-exec-5] INFO  c.s.keepnote.aspectj.LoggingAspect -
				@Before:
2019-12-19 22:37:16 [http-nio-8083-exec-5] INFO  c.s.keepnote.aspectj.LoggingAspect -
				After
2019-12-19 22:37:16 [http-nio-8083-exec-5] INFO  c.s.keepnote.aspectj.LoggingAspect -
				Return<200 OK,[Category [id=cxcxc, categoryCreationDate=null, categoryCreatedBy=amolt123, categoryDescription=xcxcx, categoryName=xcxc], Category [id=sdsd, categoryCreationDate=null, categoryCreatedBy=amolt123, categoryDescription=sdsd, categoryName=sdsd]],{}>
2019-12-19 22:37:16 [http-nio-8083-exec-5] INFO  c.s.keepnote.aspectj.LoggingAspect -
				AfterReturning
2019-12-19 22:37:20 [http-nio-8083-exec-7] INFO  c.s.keepnote.aspectj.LoggingAspect -
				@Before:
2019-12-19 22:37:20 [http-nio-8083-exec-7] INFO  c.s.keepnote.aspectj.LoggingAspect -
				After
2019-12-19 22:37:20 [http-nio-8083-exec-7] INFO  c.s.keepnote.aspectj.LoggingAspect -
				Return<200 OK,[Category [id=cxcxc, categoryCreationDate=null, categoryCreatedBy=amolt123, categoryDescription=xcxcx, categoryName=xcxc], Category [id=sdsd, categoryCreationDate=null, categoryCreatedBy=amolt123, categoryDescription=sdsd, categoryName=sdsd]],{}>
2019-12-19 22:37:20 [http-nio-8083-exec-7] INFO  c.s.keepnote.aspectj.LoggingAspect -
				AfterReturning
2019-12-19 22:39:55 [http-nio-8083-exec-2] INFO  c.s.keepnote.aspectj.LoggingAspect -
				@Before:
2019-12-19 22:39:55 [http-nio-8083-exec-2] INFO  c.s.keepnote.aspectj.LoggingAspect -
				After
2019-12-19 22:39:55 [http-nio-8083-exec-2] INFO  c.s.keepnote.aspectj.LoggingAspect -
				Return<200 OK,[Category [id=cxcxc, categoryCreationDate=null, categoryCreatedBy=amolt123, categoryDescription=xcxcx, categoryName=xcxc], Category [id=sdsd, categoryCreationDate=null, categoryCreatedBy=amolt123, categoryDescription=sdsd, categoryName=sdsd]],{}>
2019-12-19 22:39:55 [http-nio-8083-exec-2] INFO  c.s.keepnote.aspectj.LoggingAspect -
				AfterReturning
2019-12-19 22:40:00 [http-nio-8083-exec-3] INFO  c.s.keepnote.aspectj.LoggingAspect -
				@Before:
2019-12-19 22:40:00 [http-nio-8083-exec-3] INFO  c.s.keepnote.aspectj.LoggingAspect -
				After
2019-12-19 22:40:00 [http-nio-8083-exec-3] INFO  c.s.keepnote.aspectj.LoggingAspect -
				Return<201 Created,Created,{}>
2019-12-19 22:40:00 [http-nio-8083-exec-3] INFO  c.s.keepnote.aspectj.LoggingAspect -
				AfterReturning
2019-12-19 22:40:00 [http-nio-8083-exec-8] INFO  c.s.keepnote.aspectj.LoggingAspect -
				@Before:
2019-12-19 22:40:00 [http-nio-8083-exec-8] INFO  c.s.keepnote.aspectj.LoggingAspect -
				After
2019-12-19 22:40:00 [http-nio-8083-exec-8] INFO  c.s.keepnote.aspectj.LoggingAspect -
				Return<200 OK,[Category [id=cxcxc, categoryCreationDate=null, categoryCreatedBy=amolt123, categoryDescription=xcxcx, categoryName=xcxc], Category [id=sdsd, categoryCreationDate=null, categoryCreatedBy=amolt123, categoryDescription=sdsd, categoryName=sdsd], Category [id=5dfbaee8cbe0a525d442a1a9, categoryCreationDate=null, categoryCreatedBy=amolt123, categoryDescription=asasas, categoryName=sasas]],{}>
2019-12-19 22:40:00 [http-nio-8083-exec-8] INFO  c.s.keepnote.aspectj.LoggingAspect -
				AfterReturning
2019-12-19 22:40:08 [http-nio-8083-exec-10] INFO  c.s.keepnote.aspectj.LoggingAspect -
				@Before:
2019-12-19 22:40:08 [http-nio-8083-exec-10] INFO  c.s.keepnote.aspectj.LoggingAspect -
				After
2019-12-19 22:40:08 [http-nio-8083-exec-10] INFO  c.s.keepnote.aspectj.LoggingAspect -
				Return<201 Created,Created,{}>
2019-12-19 22:40:08 [http-nio-8083-exec-10] INFO  c.s.keepnote.aspectj.LoggingAspect -
				AfterReturning
2019-12-19 22:40:08 [http-nio-8083-exec-1] INFO  c.s.keepnote.aspectj.LoggingAspect -
				@Before:
2019-12-19 22:40:08 [http-nio-8083-exec-1] INFO  c.s.keepnote.aspectj.LoggingAspect -
				After
2019-12-19 22:40:08 [http-nio-8083-exec-1] INFO  c.s.keepnote.aspectj.LoggingAspect -
				Return<200 OK,[Category [id=cxcxc, categoryCreationDate=null, categoryCreatedBy=amolt123, categoryDescription=xcxcx, categoryName=xcxc], Category [id=sdsd, categoryCreationDate=null, categoryCreatedBy=amolt123, categoryDescription=sdsd, categoryName=sdsd], Category [id=5dfbaee8cbe0a525d442a1a9, categoryCreationDate=null, categoryCreatedBy=amolt123, categoryDescription=asasas, categoryName=sasas], Category [id=5dfbaef0cbe0a525d442a1aa, categoryCreationDate=null, categoryCreatedBy=amolt123, categoryDescription=test, categoryName=test]],{}>
2019-12-19 22:40:08 [http-nio-8083-exec-1] INFO  c.s.keepnote.aspectj.LoggingAspect -
				AfterReturning
2019-12-19 22:40:16 [http-nio-8083-exec-5] INFO  c.s.keepnote.aspectj.LoggingAspect -
				@Before:
2019-12-19 22:40:16 [http-nio-8083-exec-5] INFO  c.s.keepnote.aspectj.LoggingAspect -
				After
2019-12-19 22:40:16 [http-nio-8083-exec-5] INFO  c.s.keepnote.aspectj.LoggingAspect -
				Return<200 OK,Category [id=5dfbaef8cbe0a525d442a1ab, categoryCreationDate=null, categoryCreatedBy=null, categoryDescription=test, categoryName=asssssssssssasas],{}>
2019-12-19 22:40:16 [http-nio-8083-exec-5] INFO  c.s.keepnote.aspectj.LoggingAspect -
				AfterReturning
2019-12-19 22:40:27 [http-nio-8083-exec-9] INFO  c.s.keepnote.aspectj.LoggingAspect -
				@Before:
2019-12-19 22:40:27 [http-nio-8083-exec-9] INFO  c.s.keepnote.aspectj.LoggingAspect -
				After
2019-12-19 22:40:27 [http-nio-8083-exec-9] INFO  c.s.keepnote.aspectj.LoggingAspect -
				Return<200 OK,[Category [id=cxcxc, categoryCreationDate=null, categoryCreatedBy=amolt123, categoryDescription=xcxcx, categoryName=xcxc], Category [id=sdsd, categoryCreationDate=null, categoryCreatedBy=amolt123, categoryDescription=sdsd, categoryName=sdsd], Category [id=5dfbaee8cbe0a525d442a1a9, categoryCreationDate=null, categoryCreatedBy=amolt123, categoryDescription=asasas, categoryName=sasas], Category [id=5dfbaef0cbe0a525d442a1aa, categoryCreationDate=null, categoryCreatedBy=amolt123, categoryDescription=test, categoryName=test]],{}>
2019-12-19 22:40:27 [http-nio-8083-exec-9] INFO  c.s.keepnote.aspectj.LoggingAspect -
				AfterReturning
2019-12-19 22:40:48 [http-nio-8083-exec-6] INFO  c.s.keepnote.aspectj.LoggingAspect -
				@Before:
2019-12-19 22:40:48 [http-nio-8083-exec-6] INFO  c.s.keepnote.aspectj.LoggingAspect -
				After
2019-12-19 22:40:48 [http-nio-8083-exec-6] INFO  c.s.keepnote.aspectj.LoggingAspect -
				Return<200 OK,Category [id=5dfbaf18cbe0a525d442a1ac, categoryCreationDate=null, categoryCreatedBy=null, categoryDescription=xcxcx, categoryName=zzzzzzzzzzzzzzz],{}>
2019-12-19 22:40:48 [http-nio-8083-exec-6] INFO  c.s.keepnote.aspectj.LoggingAspect -
				AfterReturning
2019-12-19 22:40:52 [http-nio-8083-exec-2] INFO  c.s.keepnote.aspectj.LoggingAspect -
				@Before:
2019-12-19 22:40:52 [http-nio-8083-exec-2] INFO  c.s.keepnote.aspectj.LoggingAspect -
				After
2019-12-19 22:40:52 [http-nio-8083-exec-2] INFO  c.s.keepnote.aspectj.LoggingAspect -
				Return<200 OK,[Category [id=cxcxc, categoryCreationDate=null, categoryCreatedBy=amolt123, categoryDescription=xcxcx, categoryName=xcxc], Category [id=sdsd, categoryCreationDate=null, categoryCreatedBy=amolt123, categoryDescription=sdsd, categoryName=sdsd], Category [id=5dfbaee8cbe0a525d442a1a9, categoryCreationDate=null, categoryCreatedBy=amolt123, categoryDescription=asasas, categoryName=sasas], Category [id=5dfbaef0cbe0a525d442a1aa, categoryCreationDate=null, categoryCreatedBy=amolt123, categoryDescription=test, categoryName=test]],{}>
2019-12-19 22:40:52 [http-nio-8083-exec-2] INFO  c.s.keepnote.aspectj.LoggingAspect -
				AfterReturning
2019-12-19 22:47:27 [http-nio-8083-exec-10] INFO  c.s.keepnote.aspectj.LoggingAspect -
				@Before:
2019-12-19 22:47:27 [http-nio-8083-exec-10] INFO  c.s.keepnote.aspectj.LoggingAspect -
				After
2019-12-19 22:47:27 [http-nio-8083-exec-10] INFO  c.s.keepnote.aspectj.LoggingAspect -
				Return<200 OK,[Category [id=cxcxc, categoryCreationDate=null, categoryCreatedBy=amolt123, categoryDescription=xcxcx, categoryName=xcxc], Category [id=sdsd, categoryCreationDate=null, categoryCreatedBy=amolt123, categoryDescription=sdsd, categoryName=sdsd], Category [id=5dfbaee8cbe0a525d442a1a9, categoryCreationDate=null, categoryCreatedBy=amolt123, categoryDescription=asasas, categoryName=sasas], Category [id=5dfbaef0cbe0a525d442a1aa, categoryCreationDate=null, categoryCreatedBy=amolt123, categoryDescription=test, categoryName=test]],{}>
2019-12-19 22:47:27 [http-nio-8083-exec-10] INFO  c.s.keepnote.aspectj.LoggingAspect -
				AfterReturning
2019-12-19 22:48:15 [http-nio-8083-exec-1] INFO  c.s.keepnote.aspectj.LoggingAspect -
				@Before:
2019-12-19 22:48:15 [http-nio-8083-exec-1] INFO  c.s.keepnote.aspectj.LoggingAspect -
				After
2019-12-19 22:48:15 [http-nio-8083-exec-1] INFO  c.s.keepnote.aspectj.LoggingAspect -
				Return<200 OK,Category [id=5dfbb0d7cbe0a525d442a1ad, categoryCreationDate=null, categoryCreatedBy=null, categoryDescription=asasdsdsd, categoryName=test],{}>
2019-12-19 22:48:15 [http-nio-8083-exec-1] INFO  c.s.keepnote.aspectj.LoggingAspect -
				AfterReturning
2019-12-19 22:48:19 [http-nio-8083-exec-4] INFO  c.s.keepnote.aspectj.LoggingAspect -
				@Before:
2019-12-19 22:48:19 [http-nio-8083-exec-4] INFO  c.s.keepnote.aspectj.LoggingAspect -
				After
2019-12-19 22:48:19 [http-nio-8083-exec-4] INFO  c.s.keepnote.aspectj.LoggingAspect -
				Return<200 OK,[Category [id=cxcxc, categoryCreationDate=null, categoryCreatedBy=amolt123, categoryDescription=xcxcx, categoryName=xcxc], Category [id=sdsd, categoryCreationDate=null, categoryCreatedBy=amolt123, categoryDescription=sdsd, categoryName=sdsd], Category [id=5dfbaee8cbe0a525d442a1a9, categoryCreationDate=null, categoryCreatedBy=amolt123, categoryDescription=asasas, categoryName=sasas], Category [id=5dfbaef0cbe0a525d442a1aa, categoryCreationDate=null, categoryCreatedBy=amolt123, categoryDescription=test, categoryName=test]],{}>
2019-12-19 22:48:19 [http-nio-8083-exec-4] INFO  c.s.keepnote.aspectj.LoggingAspect -
				AfterReturning
2019-12-19 22:48:35 [http-nio-8083-exec-5] INFO  c.s.keepnote.aspectj.LoggingAspect -
				@Before:
2019-12-19 22:48:35 [http-nio-8083-exec-5] INFO  c.s.keepnote.aspectj.LoggingAspect -
				After
2019-12-19 22:48:35 [http-nio-8083-exec-5] INFO  c.s.keepnote.aspectj.LoggingAspect -
				Return<200 OK,Category [id=5dfbb0ebcbe0a525d442a1ae, categoryCreationDate=null, categoryCreatedBy=null, categoryDescription=test, categoryName=zzzzzzzzzzz],{}>
2019-12-19 22:48:35 [http-nio-8083-exec-5] INFO  c.s.keepnote.aspectj.LoggingAspect -
				AfterReturning
2019-12-19 22:48:39 [http-nio-8083-exec-9] INFO  c.s.keepnote.aspectj.LoggingAspect -
				@Before:
2019-12-19 22:48:39 [http-nio-8083-exec-9] INFO  c.s.keepnote.aspectj.LoggingAspect -
				After
2019-12-19 22:48:39 [http-nio-8083-exec-9] INFO  c.s.keepnote.aspectj.LoggingAspect -
				Return<200 OK,[Category [id=cxcxc, categoryCreationDate=null, categoryCreatedBy=amolt123, categoryDescription=xcxcx, categoryName=xcxc], Category [id=sdsd, categoryCreationDate=null, categoryCreatedBy=amolt123, categoryDescription=sdsd, categoryName=sdsd], Category [id=5dfbaee8cbe0a525d442a1a9, categoryCreationDate=null, categoryCreatedBy=amolt123, categoryDescription=asasas, categoryName=sasas], Category [id=5dfbaef0cbe0a525d442a1aa, categoryCreationDate=null, categoryCreatedBy=amolt123, categoryDescription=test, categoryName=test]],{}>
2019-12-19 22:48:39 [http-nio-8083-exec-9] INFO  c.s.keepnote.aspectj.LoggingAspect -
				AfterReturning
2019-12-20 00:48:21 [http-nio-8083-exec-6] INFO  c.s.keepnote.aspectj.LoggingAspect -
				@Before:
2019-12-20 00:48:21 [http-nio-8083-exec-6] INFO  c.s.keepnote.aspectj.LoggingAspect -
				After
2019-12-20 00:48:21 [http-nio-8083-exec-6] INFO  c.s.keepnote.aspectj.LoggingAspect -
				Return<200 OK,[Category [id=cxcxc, categoryCreationDate=null, categoryCreatedBy=amolt123, categoryDescription=xcxcx, categoryName=xcxc], Category [id=sdsd, categoryCreationDate=null, categoryCreatedBy=amolt123, categoryDescription=sdsd, categoryName=sdsd], Category [id=5dfbaee8cbe0a525d442a1a9, categoryCreationDate=null, categoryCreatedBy=amolt123, categoryDescription=asasas, categoryName=sasas], Category [id=5dfbaef0cbe0a525d442a1aa, categoryCreationDate=null, categoryCreatedBy=amolt123, categoryDescription=test, categoryName=test]],{}>
2019-12-20 00:48:21 [http-nio-8083-exec-6] INFO  c.s.keepnote.aspectj.LoggingAspect -
				AfterReturning
2019-12-20 00:48:57 [http-nio-8083-exec-3] INFO  c.s.keepnote.aspectj.LoggingAspect -
				@Before:
2019-12-20 00:48:57 [http-nio-8083-exec-3] INFO  c.s.keepnote.aspectj.LoggingAspect -
				After
2019-12-20 00:48:57 [http-nio-8083-exec-3] INFO  c.s.keepnote.aspectj.LoggingAspect -
				Return<200 OK,[Category [id=cxcxc, categoryCreationDate=null, categoryCreatedBy=amolt123, categoryDescription=xcxcx, categoryName=xcxc], Category [id=sdsd, categoryCreationDate=null, categoryCreatedBy=amolt123, categoryDescription=sdsd, categoryName=sdsd], Category [id=5dfbaee8cbe0a525d442a1a9, categoryCreationDate=null, categoryCreatedBy=amolt123, categoryDescription=asasas, categoryName=sasas], Category [id=5dfbaef0cbe0a525d442a1aa, categoryCreationDate=null, categoryCreatedBy=amolt123, categoryDescription=test, categoryName=test]],{}>
2019-12-20 00:48:57 [http-nio-8083-exec-3] INFO  c.s.keepnote.aspectj.LoggingAspect -
				AfterReturning
2019-12-20 00:49:33 [http-nio-8083-exec-10] INFO  c.s.keepnote.aspectj.LoggingAspect -
				@Before:
2019-12-20 00:49:33 [http-nio-8083-exec-10] INFO  c.s.keepnote.aspectj.LoggingAspect -
				After
2019-12-20 00:49:33 [http-nio-8083-exec-10] INFO  c.s.keepnote.aspectj.LoggingAspect -
				Return<200 OK,[Category [id=cxcxc, categoryCreationDate=null, categoryCreatedBy=amolt123, categoryDescription=xcxcx, categoryName=xcxc], Category [id=sdsd, categoryCreationDate=null, categoryCreatedBy=amolt123, categoryDescription=sdsd, categoryName=sdsd], Category [id=5dfbaee8cbe0a525d442a1a9, categoryCreationDate=null, categoryCreatedBy=amolt123, categoryDescription=asasas, categoryName=sasas], Category [id=5dfbaef0cbe0a525d442a1aa, categoryCreationDate=null, categoryCreatedBy=amolt123, categoryDescription=test, categoryName=test]],{}>
2019-12-20 00:49:33 [http-nio-8083-exec-10] INFO  c.s.keepnote.aspectj.LoggingAspect -
				AfterReturning
2019-12-20 00:51:13 [http-nio-8083-exec-4] INFO  c.s.keepnote.aspectj.LoggingAspect -
				@Before:
2019-12-20 00:51:13 [http-nio-8083-exec-4] INFO  c.s.keepnote.aspectj.LoggingAspect -
				After
2019-12-20 00:51:13 [http-nio-8083-exec-4] INFO  c.s.keepnote.aspectj.LoggingAspect -
				Return<200 OK,[Category [id=cxcxc, categoryCreationDate=null, categoryCreatedBy=amolt123, categoryDescription=xcxcx, categoryName=xcxc], Category [id=sdsd, categoryCreationDate=null, categoryCreatedBy=amolt123, categoryDescription=sdsd, categoryName=sdsd], Category [id=5dfbaee8cbe0a525d442a1a9, categoryCreationDate=null, categoryCreatedBy=amolt123, categoryDescription=asasas, categoryName=sasas], Category [id=5dfbaef0cbe0a525d442a1aa, categoryCreationDate=null, categoryCreatedBy=amolt123, categoryDescription=test, categoryName=test]],{}>
2019-12-20 00:51:13 [http-nio-8083-exec-4] INFO  c.s.keepnote.aspectj.LoggingAspect -
				AfterReturning
2019-12-20 00:52:09 [http-nio-8083-exec-1] INFO  c.s.keepnote.aspectj.LoggingAspect -
				@Before:
2019-12-20 00:52:10 [http-nio-8083-exec-1] INFO  c.s.keepnote.aspectj.LoggingAspect -
				After
2019-12-20 00:52:10 [http-nio-8083-exec-1] INFO  c.s.keepnote.aspectj.LoggingAspect -
				Return<200 OK,{}>
2019-12-20 00:52:10 [http-nio-8083-exec-1] INFO  c.s.keepnote.aspectj.LoggingAspect -
				AfterReturning
2019-12-20 00:52:22 [http-nio-8083-exec-5] INFO  c.s.keepnote.aspectj.LoggingAspect -
				@Before:
2019-12-20 00:52:22 [http-nio-8083-exec-5] INFO  c.s.keepnote.aspectj.LoggingAspect -
				After
2019-12-20 00:52:22 [http-nio-8083-exec-5] INFO  c.s.keepnote.aspectj.LoggingAspect -
				Return<200 OK,[Category [id=cxcxc, categoryCreationDate=null, categoryCreatedBy=amolt123, categoryDescription=xcxcx, categoryName=xcxc], Category [id=sdsd, categoryCreationDate=null, categoryCreatedBy=amolt123, categoryDescription=sdsd, categoryName=sdsd], Category [id=5dfbaee8cbe0a525d442a1a9, categoryCreationDate=null, categoryCreatedBy=amolt123, categoryDescription=asasas, categoryName=sasas], Category [id=5dfbaef0cbe0a525d442a1aa, categoryCreationDate=null, categoryCreatedBy=amolt123, categoryDescription=test, categoryName=test]],{}>
2019-12-20 00:52:22 [http-nio-8083-exec-5] INFO  c.s.keepnote.aspectj.LoggingAspect -
				AfterReturning
2019-12-20 00:53:56 [http-nio-8083-exec-7] INFO  c.s.keepnote.aspectj.LoggingAspect -
				@Before:
2019-12-20 00:53:56 [http-nio-8083-exec-7] INFO  c.s.keepnote.aspectj.LoggingAspect -
				After
2019-12-20 00:53:56 [http-nio-8083-exec-7] INFO  c.s.keepnote.aspectj.LoggingAspect -
				Return<200 OK,[Category [id=cxcxc, categoryCreationDate=null, categoryCreatedBy=amolt123, categoryDescription=xcxcx, categoryName=xcxc], Category [id=sdsd, categoryCreationDate=null, categoryCreatedBy=amolt123, categoryDescription=sdsd, categoryName=sdsd], Category [id=5dfbaee8cbe0a525d442a1a9, categoryCreationDate=null, categoryCreatedBy=amolt123, categoryDescription=asasas, categoryName=sasas], Category [id=5dfbaef0cbe0a525d442a1aa, categoryCreationDate=null, categoryCreatedBy=amolt123, categoryDescription=test, categoryName=test]],{}>
2019-12-20 00:53:56 [http-nio-8083-exec-7] INFO  c.s.keepnote.aspectj.LoggingAspect -
				AfterReturning
2019-12-20 00:54:11 [http-nio-8083-exec-2] INFO  c.s.keepnote.aspectj.LoggingAspect -
				@Before:
2019-12-20 00:54:11 [http-nio-8083-exec-2] INFO  c.s.keepnote.aspectj.LoggingAspect -
				After
2019-12-20 00:54:11 [http-nio-8083-exec-2] INFO  c.s.keepnote.aspectj.LoggingAspect -
				Return<200 OK,{}>
2019-12-20 00:54:11 [http-nio-8083-exec-2] INFO  c.s.keepnote.aspectj.LoggingAspect -
				AfterReturning
2019-12-20 00:54:53 [http-nio-8083-exec-8] INFO  c.s.keepnote.aspectj.LoggingAspect -
				@Before:
2019-12-20 00:54:53 [http-nio-8083-exec-8] INFO  c.s.keepnote.aspectj.LoggingAspect -
				After
2019-12-20 00:54:53 [http-nio-8083-exec-8] INFO  c.s.keepnote.aspectj.LoggingAspect -
				Return<200 OK,[Category [id=cxcxc, categoryCreationDate=null, categoryCreatedBy=amolt123, categoryDescription=xcxcx, categoryName=xcxc], Category [id=sdsd, categoryCreationDate=null, categoryCreatedBy=amolt123, categoryDescription=sdsd, categoryName=sdsd], Category [id=5dfbaee8cbe0a525d442a1a9, categoryCreationDate=null, categoryCreatedBy=amolt123, categoryDescription=asasas, categoryName=sasas], Category [id=5dfbaef0cbe0a525d442a1aa, categoryCreationDate=null, categoryCreatedBy=amolt123, categoryDescription=test, categoryName=test]],{}>
2019-12-20 00:54:53 [http-nio-8083-exec-8] INFO  c.s.keepnote.aspectj.LoggingAspect -
				AfterReturning
2019-12-20 00:57:11 [http-nio-8083-exec-1] INFO  c.s.keepnote.aspectj.LoggingAspect -
				@Before:
2019-12-20 00:57:11 [http-nio-8083-exec-1] INFO  c.s.keepnote.aspectj.LoggingAspect -
				After
2019-12-20 00:57:11 [http-nio-8083-exec-1] INFO  c.s.keepnote.aspectj.LoggingAspect -
				Return<200 OK,[Category [id=cxcxc, categoryCreationDate=null, categoryCreatedBy=amolt123, categoryDescription=xcxcx, categoryName=xcxc], Category [id=sdsd, categoryCreationDate=null, categoryCreatedBy=amolt123, categoryDescription=sdsd, categoryName=sdsd], Category [id=5dfbaee8cbe0a525d442a1a9, categoryCreationDate=null, categoryCreatedBy=amolt123, categoryDescription=asasas, categoryName=sasas], Category [id=5dfbaef0cbe0a525d442a1aa, categoryCreationDate=null, categoryCreatedBy=amolt123, categoryDescription=test, categoryName=test]],{}>
2019-12-20 00:57:11 [http-nio-8083-exec-1] INFO  c.s.keepnote.aspectj.LoggingAspect -
				AfterReturning
2019-12-20 00:57:22 [http-nio-8083-exec-5] INFO  c.s.keepnote.aspectj.LoggingAspect -
				@Before:
2019-12-20 00:57:22 [http-nio-8083-exec-5] INFO  c.s.keepnote.aspectj.LoggingAspect -
				After
2019-12-20 00:57:22 [http-nio-8083-exec-5] INFO  c.s.keepnote.aspectj.LoggingAspect -
				Return<200 OK,[Category [id=cxcxc, categoryCreationDate=null, categoryCreatedBy=amolt123, categoryDescription=xcxcx, categoryName=xcxc], Category [id=sdsd, categoryCreationDate=null, categoryCreatedBy=amolt123, categoryDescription=sdsd, categoryName=sdsd], Category [id=5dfbaee8cbe0a525d442a1a9, categoryCreationDate=null, categoryCreatedBy=amolt123, categoryDescription=asasas, categoryName=sasas], Category [id=5dfbaef0cbe0a525d442a1aa, categoryCreationDate=null, categoryCreatedBy=amolt123, categoryDescription=test, categoryName=test]],{}>
2019-12-20 00:57:22 [http-nio-8083-exec-5] INFO  c.s.keepnote.aspectj.LoggingAspect -
				AfterReturning
2019-12-20 00:58:14 [http-nio-8083-exec-7] INFO  c.s.keepnote.aspectj.LoggingAspect -
				@Before:
2019-12-20 00:58:14 [http-nio-8083-exec-7] INFO  c.s.keepnote.aspectj.LoggingAspect -
				After
2019-12-20 00:58:14 [http-nio-8083-exec-7] INFO  c.s.keepnote.aspectj.LoggingAspect -
				Return<200 OK,[Category [id=cxcxc, categoryCreationDate=null, categoryCreatedBy=amolt123, categoryDescription=xcxcx, categoryName=xcxc], Category [id=sdsd, categoryCreationDate=null, categoryCreatedBy=amolt123, categoryDescription=sdsd, categoryName=sdsd], Category [id=5dfbaee8cbe0a525d442a1a9, categoryCreationDate=null, categoryCreatedBy=amolt123, categoryDescription=asasas, categoryName=sasas], Category [id=5dfbaef0cbe0a525d442a1aa, categoryCreationDate=null, categoryCreatedBy=amolt123, categoryDescription=test, categoryName=test]],{}>
2019-12-20 00:58:14 [http-nio-8083-exec-7] INFO  c.s.keepnote.aspectj.LoggingAspect -
				AfterReturning
2019-12-20 00:58:31 [http-nio-8083-exec-6] INFO  c.s.keepnote.aspectj.LoggingAspect -
				@Before:
2019-12-20 00:58:31 [http-nio-8083-exec-6] INFO  c.s.keepnote.aspectj.LoggingAspect -
				After
2019-12-20 00:58:31 [http-nio-8083-exec-6] INFO  c.s.keepnote.aspectj.LoggingAspect -
				Return<200 OK,[Category [id=cxcxc, categoryCreationDate=null, categoryCreatedBy=amolt123, categoryDescription=xcxcx, categoryName=xcxc], Category [id=sdsd, categoryCreationDate=null, categoryCreatedBy=amolt123, categoryDescription=sdsd, categoryName=sdsd], Category [id=5dfbaee8cbe0a525d442a1a9, categoryCreationDate=null, categoryCreatedBy=amolt123, categoryDescription=asasas, categoryName=sasas], Category [id=5dfbaef0cbe0a525d442a1aa, categoryCreationDate=null, categoryCreatedBy=amolt123, categoryDescription=test, categoryName=test]],{}>
2019-12-20 00:58:31 [http-nio-8083-exec-6] INFO  c.s.keepnote.aspectj.LoggingAspect -
				AfterReturning
2019-12-20 00:58:42 [http-nio-8083-exec-2] INFO  c.s.keepnote.aspectj.LoggingAspect -
				@Before:
2019-12-20 00:58:42 [http-nio-8083-exec-2] INFO  c.s.keepnote.aspectj.LoggingAspect -
				After
2019-12-20 00:58:42 [http-nio-8083-exec-2] INFO  c.s.keepnote.aspectj.LoggingAspect -
				Return<200 OK,[Category [id=cxcxc, categoryCreationDate=null, categoryCreatedBy=amolt123, categoryDescription=xcxcx, categoryName=xcxc], Category [id=sdsd, categoryCreationDate=null, categoryCreatedBy=amolt123, categoryDescription=sdsd, categoryName=sdsd], Category [id=5dfbaee8cbe0a525d442a1a9, categoryCreationDate=null, categoryCreatedBy=amolt123, categoryDescription=asasas, categoryName=sasas], Category [id=5dfbaef0cbe0a525d442a1aa, categoryCreationDate=null, categoryCreatedBy=amolt123, categoryDescription=test, categoryName=test]],{}>
2019-12-20 00:58:42 [http-nio-8083-exec-2] INFO  c.s.keepnote.aspectj.LoggingAspect -
				AfterReturning
2019-12-20 01:00:28 [http-nio-8083-exec-8] INFO  c.s.keepnote.aspectj.LoggingAspect -
				@Before:
2019-12-20 01:00:28 [http-nio-8083-exec-8] INFO  c.s.keepnote.aspectj.LoggingAspect -
				After
2019-12-20 01:00:28 [http-nio-8083-exec-8] INFO  c.s.keepnote.aspectj.LoggingAspect -
				Return<200 OK,[Category [id=cxcxc, categoryCreationDate=null, categoryCreatedBy=amolt123, categoryDescription=xcxcx, categoryName=xcxc], Category [id=sdsd, categoryCreationDate=null, categoryCreatedBy=amolt123, categoryDescription=sdsd, categoryName=sdsd], Category [id=5dfbaee8cbe0a525d442a1a9, categoryCreationDate=null, categoryCreatedBy=amolt123, categoryDescription=asasas, categoryName=sasas], Category [id=5dfbaef0cbe0a525d442a1aa, categoryCreationDate=null, categoryCreatedBy=amolt123, categoryDescription=test, categoryName=test]],{}>
2019-12-20 01:00:28 [http-nio-8083-exec-8] INFO  c.s.keepnote.aspectj.LoggingAspect -
				AfterReturning
2019-12-20 01:00:38 [http-nio-8083-exec-10] INFO  c.s.keepnote.aspectj.LoggingAspect -
				@Before:
2019-12-20 01:00:38 [http-nio-8083-exec-10] INFO  c.s.keepnote.aspectj.LoggingAspect -
				After
2019-12-20 01:00:38 [http-nio-8083-exec-10] INFO  c.s.keepnote.aspectj.LoggingAspect -
				Return<200 OK,[Category [id=cxcxc, categoryCreationDate=null, categoryCreatedBy=amolt123, categoryDescription=xcxcx, categoryName=xcxc], Category [id=sdsd, categoryCreationDate=null, categoryCreatedBy=amolt123, categoryDescription=sdsd, categoryName=sdsd], Category [id=5dfbaee8cbe0a525d442a1a9, categoryCreationDate=null, categoryCreatedBy=amolt123, categoryDescription=asasas, categoryName=sasas], Category [id=5dfbaef0cbe0a525d442a1aa, categoryCreationDate=null, categoryCreatedBy=amolt123, categoryDescription=test, categoryName=test]],{}>
2019-12-20 01:00:38 [http-nio-8083-exec-10] INFO  c.s.keepnote.aspectj.LoggingAspect -
				AfterReturning
2019-12-20 01:01:35 [http-nio-8083-exec-1] INFO  c.s.keepnote.aspectj.LoggingAspect -
				@Before:
2019-12-20 01:01:35 [http-nio-8083-exec-1] INFO  c.s.keepnote.aspectj.LoggingAspect -
				After
2019-12-20 01:01:35 [http-nio-8083-exec-1] INFO  c.s.keepnote.aspectj.LoggingAspect -
				Return<200 OK,[Category [id=cxcxc, categoryCreationDate=null, categoryCreatedBy=amolt123, categoryDescription=xcxcx, categoryName=xcxc], Category [id=sdsd, categoryCreationDate=null, categoryCreatedBy=amolt123, categoryDescription=sdsd, categoryName=sdsd], Category [id=5dfbaee8cbe0a525d442a1a9, categoryCreationDate=null, categoryCreatedBy=amolt123, categoryDescription=asasas, categoryName=sasas], Category [id=5dfbaef0cbe0a525d442a1aa, categoryCreationDate=null, categoryCreatedBy=amolt123, categoryDescription=test, categoryName=test]],{}>
2019-12-20 01:01:35 [http-nio-8083-exec-1] INFO  c.s.keepnote.aspectj.LoggingAspect -
				AfterReturning
2019-12-20 01:01:42 [http-nio-8083-exec-5] INFO  c.s.keepnote.aspectj.LoggingAspect -
				@Before:
2019-12-20 01:01:42 [http-nio-8083-exec-5] INFO  c.s.keepnote.aspectj.LoggingAspect -
				After
2019-12-20 01:01:42 [http-nio-8083-exec-5] INFO  c.s.keepnote.aspectj.LoggingAspect -
				Return<200 OK,[Category [id=cxcxc, categoryCreationDate=null, categoryCreatedBy=amolt123, categoryDescription=xcxcx, categoryName=xcxc], Category [id=sdsd, categoryCreationDate=null, categoryCreatedBy=amolt123, categoryDescription=sdsd, categoryName=sdsd], Category [id=5dfbaee8cbe0a525d442a1a9, categoryCreationDate=null, categoryCreatedBy=amolt123, categoryDescription=asasas, categoryName=sasas], Category [id=5dfbaef0cbe0a525d442a1aa, categoryCreationDate=null, categoryCreatedBy=amolt123, categoryDescription=test, categoryName=test]],{}>
2019-12-20 01:01:42 [http-nio-8083-exec-5] INFO  c.s.keepnote.aspectj.LoggingAspect -
				AfterReturning
2019-12-20 01:02:21 [http-nio-8083-exec-7] INFO  c.s.keepnote.aspectj.LoggingAspect -
				@Before:
2019-12-20 01:02:21 [http-nio-8083-exec-7] INFO  c.s.keepnote.aspectj.LoggingAspect -
				After
2019-12-20 01:02:21 [http-nio-8083-exec-7] INFO  c.s.keepnote.aspectj.LoggingAspect -
				Return<200 OK,[Category [id=cxcxc, categoryCreationDate=null, categoryCreatedBy=amolt123, categoryDescription=xcxcx, categoryName=xcxc], Category [id=sdsd, categoryCreationDate=null, categoryCreatedBy=amolt123, categoryDescription=sdsd, categoryName=sdsd], Category [id=5dfbaee8cbe0a525d442a1a9, categoryCreationDate=null, categoryCreatedBy=amolt123, categoryDescription=asasas, categoryName=sasas], Category [id=5dfbaef0cbe0a525d442a1aa, categoryCreationDate=null, categoryCreatedBy=amolt123, categoryDescription=test, categoryName=test]],{}>
2019-12-20 01:02:21 [http-nio-8083-exec-7] INFO  c.s.keepnote.aspectj.LoggingAspect -
				AfterReturning
2019-12-20 01:02:21 [http-nio-8083-exec-6] INFO  c.s.keepnote.aspectj.LoggingAspect -
				@Before:
2019-12-20 01:02:21 [http-nio-8083-exec-6] INFO  c.s.keepnote.aspectj.LoggingAspect -
				After
2019-12-20 01:02:21 [http-nio-8083-exec-6] INFO  c.s.keepnote.aspectj.LoggingAspect -
				Return<200 OK,{}>
2019-12-20 01:02:21 [http-nio-8083-exec-6] INFO  c.s.keepnote.aspectj.LoggingAspect -
				AfterReturning
2019-12-20 01:06:39 [http-nio-8083-exec-3] INFO  c.s.keepnote.aspectj.LoggingAspect -
				@Before:
2019-12-20 01:06:39 [http-nio-8083-exec-3] INFO  c.s.keepnote.aspectj.LoggingAspect -
				After
2019-12-20 01:06:39 [http-nio-8083-exec-3] INFO  c.s.keepnote.aspectj.LoggingAspect -
				Return<200 OK,[Category [id=cxcxc, categoryCreationDate=null, categoryCreatedBy=amolt123, categoryDescription=xcxcx, categoryName=xcxc], Category [id=sdsd, categoryCreationDate=null, categoryCreatedBy=amolt123, categoryDescription=sdsd, categoryName=sdsd], Category [id=5dfbaee8cbe0a525d442a1a9, categoryCreationDate=null, categoryCreatedBy=amolt123, categoryDescription=asasas, categoryName=sasas], Category [id=5dfbaef0cbe0a525d442a1aa, categoryCreationDate=null, categoryCreatedBy=amolt123, categoryDescription=test, categoryName=test]],{}>
2019-12-20 01:06:39 [http-nio-8083-exec-3] INFO  c.s.keepnote.aspectj.LoggingAspect -
				AfterReturning
2019-12-20 01:06:40 [http-nio-8083-exec-8] INFO  c.s.keepnote.aspectj.LoggingAspect -
				@Before:
2019-12-20 01:06:40 [http-nio-8083-exec-8] INFO  c.s.keepnote.aspectj.LoggingAspect -
				After
2019-12-20 01:06:40 [http-nio-8083-exec-8] INFO  c.s.keepnote.aspectj.LoggingAspect -
				Return<200 OK,{}>
2019-12-20 01:06:40 [http-nio-8083-exec-8] INFO  c.s.keepnote.aspectj.LoggingAspect -
				AfterReturning
2019-12-20 01:08:44 [http-nio-8083-exec-1] INFO  c.s.keepnote.aspectj.LoggingAspect -
				@Before:
2019-12-20 01:08:44 [http-nio-8083-exec-1] INFO  c.s.keepnote.aspectj.LoggingAspect -
				After
2019-12-20 01:08:44 [http-nio-8083-exec-1] INFO  c.s.keepnote.aspectj.LoggingAspect -
				Return<200 OK,[Category [id=cxcxc, categoryCreationDate=null, categoryCreatedBy=amolt123, categoryDescription=xcxcx, categoryName=xcxc], Category [id=sdsd, categoryCreationDate=null, categoryCreatedBy=amolt123, categoryDescription=sdsd, categoryName=sdsd], Category [id=5dfbaee8cbe0a525d442a1a9, categoryCreationDate=null, categoryCreatedBy=amolt123, categoryDescription=asasas, categoryName=sasas], Category [id=5dfbaef0cbe0a525d442a1aa, categoryCreationDate=null, categoryCreatedBy=amolt123, categoryDescription=test, categoryName=test]],{}>
2019-12-20 01:08:44 [http-nio-8083-exec-1] INFO  c.s.keepnote.aspectj.LoggingAspect -
				AfterReturning
2019-12-20 01:08:45 [http-nio-8083-exec-4] INFO  c.s.keepnote.aspectj.LoggingAspect -
				@Before:
2019-12-20 01:08:45 [http-nio-8083-exec-4] INFO  c.s.keepnote.aspectj.LoggingAspect -
				After
2019-12-20 01:08:45 [http-nio-8083-exec-4] INFO  c.s.keepnote.aspectj.LoggingAspect -
				Return<200 OK,{}>
2019-12-20 01:08:45 [http-nio-8083-exec-4] INFO  c.s.keepnote.aspectj.LoggingAspect -
				AfterReturning
2019-12-20 01:09:16 [http-nio-8083-exec-9] INFO  c.s.keepnote.aspectj.LoggingAspect -
				@Before:
2019-12-20 01:09:16 [http-nio-8083-exec-9] INFO  c.s.keepnote.aspectj.LoggingAspect -
				After
2019-12-20 01:09:16 [http-nio-8083-exec-9] INFO  c.s.keepnote.aspectj.LoggingAspect -
				Return<200 OK,[Category [id=cxcxc, categoryCreationDate=null, categoryCreatedBy=amolt123, categoryDescription=xcxcx, categoryName=xcxc], Category [id=sdsd, categoryCreationDate=null, categoryCreatedBy=amolt123, categoryDescription=sdsd, categoryName=sdsd], Category [id=5dfbaee8cbe0a525d442a1a9, categoryCreationDate=null, categoryCreatedBy=amolt123, categoryDescription=asasas, categoryName=sasas], Category [id=5dfbaef0cbe0a525d442a1aa, categoryCreationDate=null, categoryCreatedBy=amolt123, categoryDescription=test, categoryName=test]],{}>
2019-12-20 01:09:16 [http-nio-8083-exec-9] INFO  c.s.keepnote.aspectj.LoggingAspect -
				AfterReturning
2019-12-20 01:09:19 [http-nio-8083-exec-7] INFO  c.s.keepnote.aspectj.LoggingAspect -
				@Before:
2019-12-20 01:09:19 [http-nio-8083-exec-7] INFO  c.s.keepnote.aspectj.LoggingAspect -
				After
2019-12-20 01:09:19 [http-nio-8083-exec-7] INFO  c.s.keepnote.aspectj.LoggingAspect -
				Return<200 OK,{}>
2019-12-20 01:09:19 [http-nio-8083-exec-7] INFO  c.s.keepnote.aspectj.LoggingAspect -
				AfterReturning
2019-12-20 01:13:34 [http-nio-8083-exec-9] INFO  c.s.keepnote.aspectj.LoggingAspect -
				@Before:
2019-12-20 01:13:34 [http-nio-8083-exec-9] INFO  c.s.keepnote.aspectj.LoggingAspect -
				After
2019-12-20 01:13:34 [http-nio-8083-exec-9] INFO  c.s.keepnote.aspectj.LoggingAspect -
				Return<200 OK,[Category [id=cxcxc, categoryCreationDate=null, categoryCreatedBy=amolt123, categoryDescription=xcxcx, categoryName=xcxc], Category [id=sdsd, categoryCreationDate=null, categoryCreatedBy=amolt123, categoryDescription=sdsd, categoryName=sdsd], Category [id=5dfbaee8cbe0a525d442a1a9, categoryCreationDate=null, categoryCreatedBy=amolt123, categoryDescription=asasas, categoryName=sasas], Category [id=5dfbaef0cbe0a525d442a1aa, categoryCreationDate=null, categoryCreatedBy=amolt123, categoryDescription=test, categoryName=test]],{}>
2019-12-20 01:13:34 [http-nio-8083-exec-9] INFO  c.s.keepnote.aspectj.LoggingAspect -
				AfterReturning
2019-12-20 01:13:35 [http-nio-8083-exec-7] INFO  c.s.keepnote.aspectj.LoggingAspect -
				@Before:
2019-12-20 01:13:35 [http-nio-8083-exec-7] INFO  c.s.keepnote.aspectj.LoggingAspect -
				After
2019-12-20 01:13:35 [http-nio-8083-exec-7] INFO  c.s.keepnote.aspectj.LoggingAspect -
				Return<200 OK,{}>
2019-12-20 01:13:35 [http-nio-8083-exec-7] INFO  c.s.keepnote.aspectj.LoggingAspect -
				AfterReturning
2019-12-20 01:13:39 [http-nio-8083-exec-3] INFO  c.s.keepnote.aspectj.LoggingAspect -
				@Before:
2019-12-20 01:13:39 [http-nio-8083-exec-3] INFO  c.s.keepnote.aspectj.LoggingAspect -
				After
2019-12-20 01:13:39 [http-nio-8083-exec-3] INFO  c.s.keepnote.aspectj.LoggingAspect -
				Return<200 OK,[Category [id=cxcxc, categoryCreationDate=null, categoryCreatedBy=amolt123, categoryDescription=xcxcx, categoryName=xcxc], Category [id=sdsd, categoryCreationDate=null, categoryCreatedBy=amolt123, categoryDescription=sdsd, categoryName=sdsd], Category [id=5dfbaee8cbe0a525d442a1a9, categoryCreationDate=null, categoryCreatedBy=amolt123, categoryDescription=asasas, categoryName=sasas], Category [id=5dfbaef0cbe0a525d442a1aa, categoryCreationDate=null, categoryCreatedBy=amolt123, categoryDescription=test, categoryName=test]],{}>
2019-12-20 01:13:39 [http-nio-8083-exec-3] INFO  c.s.keepnote.aspectj.LoggingAspect -
				AfterReturning
2019-12-20 01:13:42 [http-nio-8083-exec-8] INFO  c.s.keepnote.aspectj.LoggingAspect -
				@Before:
2019-12-20 01:13:42 [http-nio-8083-exec-8] INFO  c.s.keepnote.aspectj.LoggingAspect -
				After
2019-12-20 01:13:42 [http-nio-8083-exec-8] INFO  c.s.keepnote.aspectj.LoggingAspect -
				Return<200 OK,{}>
2019-12-20 01:13:42 [http-nio-8083-exec-8] INFO  c.s.keepnote.aspectj.LoggingAspect -
				AfterReturning
2019-12-20 01:15:53 [http-nio-8083-exec-1] INFO  c.s.keepnote.aspectj.LoggingAspect -
				@Before:
2019-12-20 01:15:53 [http-nio-8083-exec-1] INFO  c.s.keepnote.aspectj.LoggingAspect -
				After
2019-12-20 01:15:53 [http-nio-8083-exec-1] INFO  c.s.keepnote.aspectj.LoggingAspect -
				Return<200 OK,[Category [id=cxcxc, categoryCreationDate=null, categoryCreatedBy=amolt123, categoryDescription=xcxcx, categoryName=xcxc], Category [id=sdsd, categoryCreationDate=null, categoryCreatedBy=amolt123, categoryDescription=sdsd, categoryName=sdsd], Category [id=5dfbaee8cbe0a525d442a1a9, categoryCreationDate=null, categoryCreatedBy=amolt123, categoryDescription=asasas, categoryName=sasas], Category [id=5dfbaef0cbe0a525d442a1aa, categoryCreationDate=null, categoryCreatedBy=amolt123, categoryDescription=test, categoryName=test]],{}>
2019-12-20 01:15:53 [http-nio-8083-exec-1] INFO  c.s.keepnote.aspectj.LoggingAspect -
				AfterReturning
2019-12-20 01:15:53 [http-nio-8083-exec-4] INFO  c.s.keepnote.aspectj.LoggingAspect -
				@Before:
2019-12-20 01:15:53 [http-nio-8083-exec-4] INFO  c.s.keepnote.aspectj.LoggingAspect -
				After
2019-12-20 01:15:53 [http-nio-8083-exec-4] INFO  c.s.keepnote.aspectj.LoggingAspect -
				Return<200 OK,{}>
2019-12-20 01:15:53 [http-nio-8083-exec-4] INFO  c.s.keepnote.aspectj.LoggingAspect -
				AfterReturning
2019-12-20 01:15:53 [http-nio-8083-exec-5] INFO  c.s.keepnote.aspectj.LoggingAspect -
				@Before:
2019-12-20 01:15:53 [http-nio-8083-exec-5] INFO  c.s.keepnote.aspectj.LoggingAspect -
				After
2019-12-20 01:15:53 [http-nio-8083-exec-5] INFO  c.s.keepnote.aspectj.LoggingAspect -
				Return<200 OK,{}>
2019-12-20 01:15:53 [http-nio-8083-exec-5] INFO  c.s.keepnote.aspectj.LoggingAspect -
				AfterReturning
2019-12-20 01:16:41 [http-nio-8083-exec-6] INFO  c.s.keepnote.aspectj.LoggingAspect -
				@Before:
2019-12-20 01:16:41 [http-nio-8083-exec-6] INFO  c.s.keepnote.aspectj.LoggingAspect -
				After
2019-12-20 01:16:41 [http-nio-8083-exec-6] INFO  c.s.keepnote.aspectj.LoggingAspect -
				Return<200 OK,[Category [id=cxcxc, categoryCreationDate=null, categoryCreatedBy=amolt123, categoryDescription=xcxcx, categoryName=xcxc], Category [id=sdsd, categoryCreationDate=null, categoryCreatedBy=amolt123, categoryDescription=sdsd, categoryName=sdsd], Category [id=5dfbaee8cbe0a525d442a1a9, categoryCreationDate=null, categoryCreatedBy=amolt123, categoryDescription=asasas, categoryName=sasas], Category [id=5dfbaef0cbe0a525d442a1aa, categoryCreationDate=null, categoryCreatedBy=amolt123, categoryDescription=test, categoryName=test]],{}>
2019-12-20 01:16:41 [http-nio-8083-exec-6] INFO  c.s.keepnote.aspectj.LoggingAspect -
				AfterReturning
2019-12-20 01:16:41 [http-nio-8083-exec-2] INFO  c.s.keepnote.aspectj.LoggingAspect -
				@Before:
2019-12-20 01:16:41 [http-nio-8083-exec-2] INFO  c.s.keepnote.aspectj.LoggingAspect -
				After
2019-12-20 01:16:41 [http-nio-8083-exec-2] INFO  c.s.keepnote.aspectj.LoggingAspect -
				Return<200 OK,{}>
2019-12-20 01:16:41 [http-nio-8083-exec-2] INFO  c.s.keepnote.aspectj.LoggingAspect -
				AfterReturning
2019-12-20 01:16:41 [http-nio-8083-exec-3] INFO  c.s.keepnote.aspectj.LoggingAspect -
				@Before:
2019-12-20 01:16:41 [http-nio-8083-exec-3] INFO  c.s.keepnote.aspectj.LoggingAspect -
				After
2019-12-20 01:16:41 [http-nio-8083-exec-3] INFO  c.s.keepnote.aspectj.LoggingAspect -
				Return<200 OK,{}>
2019-12-20 01:16:41 [http-nio-8083-exec-3] INFO  c.s.keepnote.aspectj.LoggingAspect -
				AfterReturning
2019-12-20 01:18:18 [http-nio-8083-exec-10] INFO  c.s.keepnote.aspectj.LoggingAspect -
				@Before:
2019-12-20 01:18:18 [http-nio-8083-exec-10] INFO  c.s.keepnote.aspectj.LoggingAspect -
				After
2019-12-20 01:18:18 [http-nio-8083-exec-1] INFO  c.s.keepnote.aspectj.LoggingAspect -
				@Before:
2019-12-20 01:18:18 [http-nio-8083-exec-1] INFO  c.s.keepnote.aspectj.LoggingAspect -
				After
2019-12-20 01:18:18 [http-nio-8083-exec-1] INFO  c.s.keepnote.aspectj.LoggingAspect -
				Return<200 OK,{}>
2019-12-20 01:18:18 [http-nio-8083-exec-1] INFO  c.s.keepnote.aspectj.LoggingAspect -
				AfterReturning
2019-12-20 01:18:18 [http-nio-8083-exec-10] INFO  c.s.keepnote.aspectj.LoggingAspect -
				Return<200 OK,[Category [id=cxcxc, categoryCreationDate=null, categoryCreatedBy=amolt123, categoryDescription=xcxcx, categoryName=xcxc], Category [id=sdsd, categoryCreationDate=null, categoryCreatedBy=amolt123, categoryDescription=sdsd, categoryName=sdsd], Category [id=5dfbaee8cbe0a525d442a1a9, categoryCreationDate=null, categoryCreatedBy=amolt123, categoryDescription=asasas, categoryName=sasas], Category [id=5dfbaef0cbe0a525d442a1aa, categoryCreationDate=null, categoryCreatedBy=amolt123, categoryDescription=test, categoryName=test]],{}>
2019-12-20 01:18:18 [http-nio-8083-exec-10] INFO  c.s.keepnote.aspectj.LoggingAspect -
				AfterReturning
2019-12-20 01:18:18 [http-nio-8083-exec-4] INFO  c.s.keepnote.aspectj.LoggingAspect -
				@Before:
2019-12-20 01:18:18 [http-nio-8083-exec-4] INFO  c.s.keepnote.aspectj.LoggingAspect -
				After
2019-12-20 01:18:18 [http-nio-8083-exec-4] INFO  c.s.keepnote.aspectj.LoggingAspect -
				Return<200 OK,{}>
2019-12-20 01:18:18 [http-nio-8083-exec-4] INFO  c.s.keepnote.aspectj.LoggingAspect -
				AfterReturning
2019-12-20 01:22:03 [http-nio-8083-exec-10] INFO  c.s.keepnote.aspectj.LoggingAspect -
				@Before:
2019-12-20 01:22:03 [http-nio-8083-exec-10] INFO  c.s.keepnote.aspectj.LoggingAspect -
				After
2019-12-20 01:22:03 [http-nio-8083-exec-10] INFO  c.s.keepnote.aspectj.LoggingAspect -
				Return<200 OK,{}>
2019-12-20 01:22:03 [http-nio-8083-exec-10] INFO  c.s.keepnote.aspectj.LoggingAspect -
				AfterReturning
2019-12-20 01:22:03 [http-nio-8083-exec-5] INFO  c.s.keepnote.aspectj.LoggingAspect -
				@Before:
2019-12-20 01:22:03 [http-nio-8083-exec-5] INFO  c.s.keepnote.aspectj.LoggingAspect -
				After
2019-12-20 01:22:03 [http-nio-8083-exec-5] INFO  c.s.keepnote.aspectj.LoggingAspect -
				Return<200 OK,[Category [id=cxcxc, categoryCreationDate=null, categoryCreatedBy=amolt123, categoryDescription=xcxcx, categoryName=xcxc], Category [id=sdsd, categoryCreationDate=null, categoryCreatedBy=amolt123, categoryDescription=sdsd, categoryName=sdsd], Category [id=5dfbaee8cbe0a525d442a1a9, categoryCreationDate=null, categoryCreatedBy=amolt123, categoryDescription=asasas, categoryName=sasas], Category [id=5dfbaef0cbe0a525d442a1aa, categoryCreationDate=null, categoryCreatedBy=amolt123, categoryDescription=test, categoryName=test]],{}>
2019-12-20 01:22:03 [http-nio-8083-exec-5] INFO  c.s.keepnote.aspectj.LoggingAspect -
				AfterReturning
2019-12-20 01:22:03 [http-nio-8083-exec-7] INFO  c.s.keepnote.aspectj.LoggingAspect -
				@Before:
2019-12-20 01:22:03 [http-nio-8083-exec-7] INFO  c.s.keepnote.aspectj.LoggingAspect -
				After
2019-12-20 01:22:03 [http-nio-8083-exec-7] INFO  c.s.keepnote.aspectj.LoggingAspect -
				Return<200 OK,{}>
2019-12-20 01:22:03 [http-nio-8083-exec-7] INFO  c.s.keepnote.aspectj.LoggingAspect -
				AfterReturning
2019-12-20 01:22:21 [http-nio-8083-exec-3] INFO  c.s.keepnote.aspectj.LoggingAspect -
				@Before:
2019-12-20 01:22:21 [http-nio-8083-exec-3] INFO  c.s.keepnote.aspectj.LoggingAspect -
				After
2019-12-20 01:22:21 [http-nio-8083-exec-3] INFO  c.s.keepnote.aspectj.LoggingAspect -
				Return<200 OK,[Category [id=cxcxc, categoryCreationDate=null, categoryCreatedBy=amolt123, categoryDescription=xcxcx, categoryName=xcxc], Category [id=sdsd, categoryCreationDate=null, categoryCreatedBy=amolt123, categoryDescription=sdsd, categoryName=sdsd], Category [id=5dfbaee8cbe0a525d442a1a9, categoryCreationDate=null, categoryCreatedBy=amolt123, categoryDescription=asasas, categoryName=sasas], Category [id=5dfbaef0cbe0a525d442a1aa, categoryCreationDate=null, categoryCreatedBy=amolt123, categoryDescription=test, categoryName=test]],{}>
2019-12-20 01:22:21 [http-nio-8083-exec-3] INFO  c.s.keepnote.aspectj.LoggingAspect -
				AfterReturning
2019-12-20 01:22:22 [http-nio-8083-exec-1] INFO  c.s.keepnote.aspectj.LoggingAspect -
				@Before:
2019-12-20 01:22:22 [http-nio-8083-exec-1] INFO  c.s.keepnote.aspectj.LoggingAspect -
				After
2019-12-20 01:22:22 [http-nio-8083-exec-1] INFO  c.s.keepnote.aspectj.LoggingAspect -
				Return<200 OK,{}>
2019-12-20 01:22:22 [http-nio-8083-exec-1] INFO  c.s.keepnote.aspectj.LoggingAspect -
				AfterReturning
2019-12-20 01:22:22 [http-nio-8083-exec-4] INFO  c.s.keepnote.aspectj.LoggingAspect -
				@Before:
2019-12-20 01:22:22 [http-nio-8083-exec-4] INFO  c.s.keepnote.aspectj.LoggingAspect -
				After
2019-12-20 01:22:22 [http-nio-8083-exec-4] INFO  c.s.keepnote.aspectj.LoggingAspect -
				Return<200 OK,{}>
2019-12-20 01:22:22 [http-nio-8083-exec-4] INFO  c.s.keepnote.aspectj.LoggingAspect -
				AfterReturning
2019-12-20 01:22:27 [http-nio-8083-exec-9] INFO  c.s.keepnote.aspectj.LoggingAspect -
				@Before:
2019-12-20 01:22:27 [http-nio-8083-exec-9] INFO  c.s.keepnote.aspectj.LoggingAspect -
				After
2019-12-20 01:22:27 [http-nio-8083-exec-9] INFO  c.s.keepnote.aspectj.LoggingAspect -
				Return<200 OK,{}>
2019-12-20 01:22:27 [http-nio-8083-exec-9] INFO  c.s.keepnote.aspectj.LoggingAspect -
				AfterReturning
2019-12-20 01:22:27 [http-nio-8083-exec-6] INFO  c.s.keepnote.aspectj.LoggingAspect -
				@Before:
2019-12-20 01:22:27 [http-nio-8083-exec-6] INFO  c.s.keepnote.aspectj.LoggingAspect -
				After
2019-12-20 01:22:27 [http-nio-8083-exec-6] INFO  c.s.keepnote.aspectj.LoggingAspect -
				Return<200 OK,{}>
2019-12-20 01:22:27 [http-nio-8083-exec-6] INFO  c.s.keepnote.aspectj.LoggingAspect -
				AfterReturning
2019-12-20 01:22:46 [http-nio-8083-exec-1] INFO  c.s.keepnote.aspectj.LoggingAspect -
				@Before:
2019-12-20 01:22:46 [http-nio-8083-exec-1] INFO  c.s.keepnote.aspectj.LoggingAspect -
				After
2019-12-20 01:22:46 [http-nio-8083-exec-1] INFO  c.s.keepnote.aspectj.LoggingAspect -
				Return<200 OK,{}>
2019-12-20 01:22:46 [http-nio-8083-exec-1] INFO  c.s.keepnote.aspectj.LoggingAspect -
				AfterReturning
2019-12-20 01:22:46 [http-nio-8083-exec-4] INFO  c.s.keepnote.aspectj.LoggingAspect -
				@Before:
2019-12-20 01:22:46 [http-nio-8083-exec-4] INFO  c.s.keepnote.aspectj.LoggingAspect -
				After
2019-12-20 01:22:46 [http-nio-8083-exec-4] INFO  c.s.keepnote.aspectj.LoggingAspect -
				Return<200 OK,{}>
2019-12-20 01:22:46 [http-nio-8083-exec-4] INFO  c.s.keepnote.aspectj.LoggingAspect -
				AfterReturning
2019-12-20 01:23:25 [http-nio-8083-exec-7] INFO  c.s.keepnote.aspectj.LoggingAspect -
				@Before:
2019-12-20 01:23:26 [http-nio-8083-exec-7] INFO  c.s.keepnote.aspectj.LoggingAspect -
				After
2019-12-20 01:23:26 [http-nio-8083-exec-7] INFO  c.s.keepnote.aspectj.LoggingAspect -
				Return<200 OK,{}>
2019-12-20 01:23:26 [http-nio-8083-exec-7] INFO  c.s.keepnote.aspectj.LoggingAspect -
				AfterReturning
2019-12-20 01:23:26 [http-nio-8083-exec-10] INFO  c.s.keepnote.aspectj.LoggingAspect -
				@Before:
2019-12-20 01:23:26 [http-nio-8083-exec-10] INFO  c.s.keepnote.aspectj.LoggingAspect -
				After
2019-12-20 01:23:26 [http-nio-8083-exec-10] INFO  c.s.keepnote.aspectj.LoggingAspect -
				Return<200 OK,{}>
2019-12-20 01:23:26 [http-nio-8083-exec-10] INFO  c.s.keepnote.aspectj.LoggingAspect -
				AfterReturning
2019-12-20 01:24:34 [http-nio-8083-exec-6] INFO  c.s.keepnote.aspectj.LoggingAspect -
				@Before:
2019-12-20 01:24:34 [http-nio-8083-exec-6] INFO  c.s.keepnote.aspectj.LoggingAspect -
				After
2019-12-20 01:24:34 [http-nio-8083-exec-6] INFO  c.s.keepnote.aspectj.LoggingAspect -
				Return<200 OK,[Category [id=cxcxc, categoryCreationDate=null, categoryCreatedBy=amolt123, categoryDescription=xcxcx, categoryName=xcxc], Category [id=sdsd, categoryCreationDate=null, categoryCreatedBy=amolt123, categoryDescription=sdsd, categoryName=sdsd], Category [id=5dfbaee8cbe0a525d442a1a9, categoryCreationDate=null, categoryCreatedBy=amolt123, categoryDescription=asasas, categoryName=sasas], Category [id=5dfbaef0cbe0a525d442a1aa, categoryCreationDate=null, categoryCreatedBy=amolt123, categoryDescription=test, categoryName=test]],{}>
2019-12-20 01:24:34 [http-nio-8083-exec-6] INFO  c.s.keepnote.aspectj.LoggingAspect -
				AfterReturning
2019-12-20 01:24:37 [http-nio-8083-exec-2] INFO  c.s.keepnote.aspectj.LoggingAspect -
				@Before:
2019-12-20 01:24:37 [http-nio-8083-exec-2] INFO  c.s.keepnote.aspectj.LoggingAspect -
				After
2019-12-20 01:24:37 [http-nio-8083-exec-2] INFO  c.s.keepnote.aspectj.LoggingAspect -
				Return<200 OK,{}>
2019-12-20 01:24:37 [http-nio-8083-exec-2] INFO  c.s.keepnote.aspectj.LoggingAspect -
				AfterReturning
2019-12-20 01:24:37 [http-nio-8083-exec-8] INFO  c.s.keepnote.aspectj.LoggingAspect -
				@Before:
2019-12-20 01:24:37 [http-nio-8083-exec-8] INFO  c.s.keepnote.aspectj.LoggingAspect -
				After
2019-12-20 01:24:37 [http-nio-8083-exec-8] INFO  c.s.keepnote.aspectj.LoggingAspect -
				Return<200 OK,{}>
2019-12-20 01:24:37 [http-nio-8083-exec-8] INFO  c.s.keepnote.aspectj.LoggingAspect -
				AfterReturning
2019-12-20 01:31:56 [http-nio-8083-exec-7] INFO  c.s.keepnote.aspectj.LoggingAspect -
				@Before:
2019-12-20 01:31:56 [http-nio-8083-exec-7] INFO  c.s.keepnote.aspectj.LoggingAspect -
				After
2019-12-20 01:31:56 [http-nio-8083-exec-7] INFO  c.s.keepnote.aspectj.LoggingAspect -
				Return<200 OK,{}>
2019-12-20 01:31:56 [http-nio-8083-exec-7] INFO  c.s.keepnote.aspectj.LoggingAspect -
				AfterReturning
2019-12-20 01:32:24 [http-nio-8083-exec-9] INFO  c.s.keepnote.aspectj.LoggingAspect -
				@Before:
2019-12-20 01:32:24 [http-nio-8083-exec-9] INFO  c.s.keepnote.aspectj.LoggingAspect -
				After
2019-12-20 01:32:24 [http-nio-8083-exec-9] INFO  c.s.keepnote.aspectj.LoggingAspect -
				Return<200 OK,{}>
2019-12-20 01:32:24 [http-nio-8083-exec-9] INFO  c.s.keepnote.aspectj.LoggingAspect -
				AfterReturning
2019-12-20 01:32:32 [http-nio-8083-exec-10] INFO  c.s.keepnote.aspectj.LoggingAspect -
				@Before:
2019-12-20 01:32:32 [http-nio-8083-exec-10] INFO  c.s.keepnote.aspectj.LoggingAspect -
				After
2019-12-20 01:32:32 [http-nio-8083-exec-10] INFO  c.s.keepnote.aspectj.LoggingAspect -
				Return<200 OK,{}>
2019-12-20 01:32:32 [http-nio-8083-exec-10] INFO  c.s.keepnote.aspectj.LoggingAspect -
				AfterReturning
2019-12-20 01:33:14 [http-nio-8083-exec-6] INFO  c.s.keepnote.aspectj.LoggingAspect -
				@Before:
2019-12-20 01:33:14 [http-nio-8083-exec-6] INFO  c.s.keepnote.aspectj.LoggingAspect -
				After
2019-12-20 01:33:14 [http-nio-8083-exec-6] INFO  c.s.keepnote.aspectj.LoggingAspect -
				Return<200 OK,{}>
2019-12-20 01:33:14 [http-nio-8083-exec-6] INFO  c.s.keepnote.aspectj.LoggingAspect -
				AfterReturning
2019-12-20 01:33:15 [http-nio-8083-exec-2] INFO  c.s.keepnote.aspectj.LoggingAspect -
				@Before:
2019-12-20 01:33:15 [http-nio-8083-exec-2] INFO  c.s.keepnote.aspectj.LoggingAspect -
				After
2019-12-20 01:33:15 [http-nio-8083-exec-2] INFO  c.s.keepnote.aspectj.LoggingAspect -
				Return<200 OK,{}>
2019-12-20 01:33:15 [http-nio-8083-exec-2] INFO  c.s.keepnote.aspectj.LoggingAspect -
				AfterReturning
2019-12-20 01:33:16 [http-nio-8083-exec-8] INFO  c.s.keepnote.aspectj.LoggingAspect -
				@Before:
2019-12-20 01:33:16 [http-nio-8083-exec-8] INFO  c.s.keepnote.aspectj.LoggingAspect -
				After
2019-12-20 01:33:16 [http-nio-8083-exec-8] INFO  c.s.keepnote.aspectj.LoggingAspect -
				Return<200 OK,{}>
2019-12-20 01:33:16 [http-nio-8083-exec-8] INFO  c.s.keepnote.aspectj.LoggingAspect -
				AfterReturning
2019-12-20 01:33:17 [http-nio-8083-exec-3] INFO  c.s.keepnote.aspectj.LoggingAspect -
				@Before:
2019-12-20 01:33:17 [http-nio-8083-exec-3] INFO  c.s.keepnote.aspectj.LoggingAspect -
				After
2019-12-20 01:33:17 [http-nio-8083-exec-3] INFO  c.s.keepnote.aspectj.LoggingAspect -
				Return<200 OK,{}>
2019-12-20 01:33:17 [http-nio-8083-exec-3] INFO  c.s.keepnote.aspectj.LoggingAspect -
				AfterReturning
